[Licensing::Module] Trying to connect to existing licensing client channel...
Built from '6000.3/staging' branch; Version is '6000.3.7f1 (696ec25a53d1) revision 6909634'; Using compiler version '194234433'; Build Type 'Release'
OS: 'Windows 11  (10.0.22621) Core' Language: 'en' Physical Memory: 15720 MB
[Licensing::IpcConnector] Successfully connected to: "LicenseClient-Huy" at "2026-02-26T23:00:39.8669047Z"
BatchMode: 1, IsHumanControllingUs: 0, StartBugReporterOnCrash: 0, Is64bit: 1
System  architecture: x64
Process architecture: x64
Date: 2026-02-26T23:00:39Z

COMMAND LINE ARGUMENTS:
C:\Program Files\Unity\Hub\Editor\6000.3.7f1\Editor\Unity.exe
-adb2
-batchMode
-noUpm
-name
AssetImportWorker7
-projectPath
C:/Users/Huy/VR_Project_1/VR_1
-logFile
Logs/AssetImportWorker7.log
-srvPort
62088
-licensingIpc
LicenseClient-Huy
-job-worker-count
7
-background-job-worker-count
8
-gc-helper-count
1
-name
AssetImport
Successfully changed project path to: C:/Users/Huy/VR_Project_1/VR_1
C:/Users/Huy/VR_Project_1/VR_1
[UnityMemory] Configuration Parameters - Can be set up in boot.config
    "memorysetup-temp-allocator-size-nav-mesh-worker=65536"
    "memorysetup-temp-allocator-size-audio-worker=65536"
    "memorysetup-temp-allocator-size-gfx=262144"
    "memorysetup-allocator-temp-initial-block-size-main=262144"
    "memorysetup-allocator-temp-initial-block-size-worker=262144"
    "memorysetup-temp-allocator-size-background-worker=32768"
    "memorysetup-temp-allocator-size-job-worker=262144"
    "memorysetup-temp-allocator-size-preload-manager=33554432"
    "memorysetup-temp-allocator-size-gi-baking-worker=262144"
    "memorysetup-temp-allocator-size-gi-baking-worker=262144"
    "memorysetup-temp-allocator-size-gi-baking-worker=262144"
    "memorysetup-temp-allocator-size-gi-baking-worker=262144"
    "memorysetup-temp-allocator-size-gi-baking-worker=262144"
    "memorysetup-bucket-allocator-granularity=16"
    "memorysetup-bucket-allocator-bucket-count=8"
    "memorysetup-bucket-allocator-block-size=33554432"
    "memorysetup-bucket-allocator-block-count=8"
    "memorysetup-main-allocator-block-size=16777216"
    "memorysetup-thread-allocator-block-size=16777216"
    "memorysetup-gfx-main-allocator-block-size=16777216"
    "memorysetup-gfx-thread-allocator-block-size=16777216"
    "memorysetup-cache-allocator-block-size=4194304"
    "memorysetup-typetree-allocator-block-size=2097152"
    "memorysetup-profiler-bucket-allocator-granularity=16"
    "memorysetup-profiler-bucket-allocator-bucket-count=8"
    "memorysetup-profiler-bucket-allocator-block-size=33554432"
    "memorysetup-profiler-bucket-allocator-block-count=8"
    "memorysetup-profiler-allocator-block-size=16777216"
    "memorysetup-profiler-editor-allocator-block-size=1048576"
    "memorysetup-temp-allocator-size-main=16777216"
    "memorysetup-job-temp-allocator-block-size=2097152"
    "memorysetup-job-temp-allocator-block-size-background=1048576"
    "memorysetup-job-temp-allocator-reduction-small-platforms=262144"
    "memorysetup-temp-allocator-size-cloud-worker=32768"
Player connection [7328]  Target information:

Player connection [7328]  * "[IP] 192.168.1.160 [Port] 0 [Flags] 2 [Guid] 3238472356 [EditorId] 3238472356 [Version] 1048832 [Id] WindowsEditor(7,DESKTOP-TFC479D) [Debug] 1 [PackageName] WindowsEditor [ProjectName] Editor" 

Player connection [7328] Host joined multi-casting on [225.0.0.222:54997]...
Player connection [7328] Host joined alternative multi-casting on [225.0.0.222:34997]...
JobSystem: Creating JobQueue using job-worker-count value 7
Input System module state changed to: Initialized.
[Physics::Module] Initialized fallback backend.
[Physics::Module] Id: 0xdecafbad
Library Redirect Path: Library/
[Physics::Module] Selected backend.
[Physics::Module] Name: PhysX
[Physics::Module] Id: 0xf2b8ea05
[Physics::Module] SDK Version: 4.1.2
[Physics::Module] Integration Version: 1.0.0
[Physics::Module] Threading Mode: Multi-Threaded
Refreshing native plugins compatible for Editor in 53.23 ms, found 6 plugins.
Preloading 2 native plugins for Editor in 4.82 ms.
Initialize engine version: 6000.3.7f1 (696ec25a53d1)
[Subsystems] Discovering subsystems at path C:/Program Files/Unity/Hub/Editor/6000.3.7f1/Editor/Data/Resources/UnitySubsystems
[Subsystems] Discovering subsystems at path C:/Users/Huy/VR_Project_1/VR_1/Assets
GfxDevice: creating device client; kGfxThreadingModeNonThreaded
Direct3D:
    Version:  Direct3D 11.0 [level 11.1]
    Renderer: NVIDIA GeForce RTX 3050 Ti Laptop GPU (ID=0x25a0)
    Vendor:   NVIDIA
    VRAM:     3962 MB
    Driver:   32.0.15.8132
Initialize mono
Mono path[0] = 'C:/Program Files/Unity/Hub/Editor/6000.3.7f1/Editor/Data/Managed'
Mono path[1] = 'C:/Program Files/Unity/Hub/Editor/6000.3.7f1/Editor/Data/MonoBleedingEdge/lib/mono/unityjit-win32'
Mono config path = 'C:/Program Files/Unity/Hub/Editor/6000.3.7f1/Editor/Data/MonoBleedingEdge/etc'
Using monoOptions --debugger-agent=transport=dt_socket,embedding=1,server=y,suspend=n,address=127.0.0.1:56136
Begin MonoManager ReloadAssembly
[Licensing::Client] Handshaking with LicensingClient:
  Version:                 1.17.4+4293ba1
  Session Id:              9f7a8b9ace474b4d828d4d1332ff9016
  Correlation Id:          461a07af8c964f5848b39d6a12e99a94
  External correlation Id: 4698022915173280914
  Machine Id:              q6xk2LuWl63HV6xgbHtH6jDqas8=
[Licensing::Module] Successfully connected to LicensingClient on channel: "LicenseClient-Huy" (connect: 0.00s, validation: 0.00s, handshake: 1.13s)
[Licensing::IpcConnector] Successfully connected to: "LicenseClient-Huy-notifications" at "2026-02-26T23:00:41.0007733Z"
[Licensing::Module] Licensing Background thread has ended after 1.13s
Registering precompiled unity dll's ...
Register platform support module: C:/Program Files/Unity/Hub/Editor/6000.3.7f1/Editor/Data/PlaybackEngines/WebGLSupport/UnityEditor.WebGL.Extensions.dll
Register platform support module: C:/Program Files/Unity/Hub/Editor/6000.3.7f1/Editor/Data/PlaybackEngines/WindowsStandaloneSupport/UnityEditor.WindowsStandalone.Extensions.dll
Registered in 0.002344 seconds.
- Loaded All Assemblies, in  0.557 seconds
Native extension for WindowsStandalone target not found
Native extension for WebGL target not found
ScheduleIndexationOnStartup MainProcess:False IndexOnStartup:True
Mono: successfully reloaded assembly
- Finished resetting the current domain, in  0.592 seconds
Domain Reload Profiling: 1148ms
	BeginReloadAssembly (176ms)
		ExecutionOrderSort (0ms)
		DisableScriptedObjects (0ms)
		BackupInstance (0ms)
		ReleaseScriptingObjects (0ms)
		CreateAndSetChildDomain (1ms)
	RebuildCommonClasses (56ms)
	RebuildNativeTypeToScriptingClass (15ms)
	initialDomainReloadingComplete (59ms)
	LoadAllAssembliesAndSetupDomain (248ms)
		LoadAssemblies (172ms)
		RebuildTransferFunctionScriptingTraits (0ms)
		AnalyzeDomain (245ms)
			TypeCache.Refresh (242ms)
				TypeCache.ScanAssembly (221ms)
			BuildScriptInfoCaches (0ms)
			ResolveRequiredComponents (1ms)
	FinalizeReload (593ms)
		ReleaseScriptCaches (0ms)
		RebuildScriptCaches (0ms)
		SetupLoadedEditorAssemblies (501ms)
			LogAssemblyErrors (0ms)
			InitializePlatformSupportModulesInManaged (76ms)
			SetLoadedEditorAssemblies (6ms)
			BeforeProcessingInitializeOnLoad (102ms)
			ProcessInitializeOnLoadAttributes (208ms)
			ProcessInitializeOnLoadMethodAttributes (109ms)
			AfterProcessingInitializeOnLoad (0ms)
			EditorAssembliesLoaded (0ms)
		ExecutionOrderSort2 (0ms)
		AwakeInstancesAfterBackupRestoration (0ms)
========================================================================
Worker process is ready to serve import requests
Import Worker Mode flag is 0x00
Begin MonoManager ReloadAssembly
[Licensing::Client] Successfully resolved entitlement details
[Licensing::Module] License group:
  Id: 2475930774804-UnityPersXXXX
  Product: Unity Personal
  Type: Assigned
  Expiration: Unlimited
Symbol file LoadedFromMemory is not a mono symbol file
- Loaded All Assemblies, in  1.399 seconds
Refreshing native plugins compatible for Editor in 8.37 ms, found 6 plugins.
Native extension for WindowsStandalone target not found
Native extension for WebGL target not found
Refreshing native plugins compatible for Editor in 7.23 ms, found 6 plugins.
Package Manager log level set to [2]
[Package Manager] Failed to launch server process. Reason: Unity was launched with the -noUpm command-line argument
[Package Manager] Unable to send message (not connected to server process).
[Package Manager] Cannot connect to Unity Package Manager local server
ScheduleIndexationOnStartup MainProcess:False IndexOnStartup:True
Mono: successfully reloaded assembly
- Finished resetting the current domain, in  1.389 seconds
Domain Reload Profiling: 2780ms
	BeginReloadAssembly (281ms)
		ExecutionOrderSort (0ms)
		DisableScriptedObjects (8ms)
		BackupInstance (0ms)
		ReleaseScriptingObjects (0ms)
		CreateAndSetChildDomain (62ms)
	RebuildCommonClasses (54ms)
	RebuildNativeTypeToScriptingClass (18ms)
	initialDomainReloadingComplete (57ms)
	LoadAllAssembliesAndSetupDomain (980ms)
		LoadAssemblies (650ms)
		RebuildTransferFunctionScriptingTraits (0ms)
		AnalyzeDomain (477ms)
			TypeCache.Refresh (327ms)
				TypeCache.ScanAssembly (297ms)
			BuildScriptInfoCaches (127ms)
			ResolveRequiredComponents (16ms)
	FinalizeReload (1390ms)
		ReleaseScriptCaches (0ms)
		RebuildScriptCaches (0ms)
		SetupLoadedEditorAssemblies (1110ms)
			LogAssemblyErrors (0ms)
			InitializePlatformSupportModulesInManaged (4ms)
			SetLoadedEditorAssemblies (8ms)
			BeforeProcessingInitializeOnLoad (216ms)
			ProcessInitializeOnLoadAttributes (559ms)
			ProcessInitializeOnLoadMethodAttributes (317ms)
			AfterProcessingInitializeOnLoad (7ms)
			EditorAssembliesLoaded (1ms)
		ExecutionOrderSort2 (0ms)
		AwakeInstancesAfterBackupRestoration (9ms)
Launched and connected shader compiler UnityShaderCompiler.exe after 0.02 seconds
Refreshing native plugins compatible for Editor in 9.66 ms, found 6 plugins.
Preloading 2 native plugins for Editor in 0.77 ms.
Unloading 16 Unused Serialized files (Serialized files now loaded: 0)
Unloading 7423 unused Assets / (5.2 MB). Loaded Objects now: 8349.
Memory consumption went from 175.5 MB to 170.3 MB.
Total: 22.182400 ms (FindLiveObjects: 0.984800 ms CreateObjectMapping: 1.399000 ms MarkObjects: 15.230100 ms  DeleteObjects: 4.566500 ms)

========================================================================
Received Import Request.
  Time since last request: 724941.166056 seconds.
  path: Assets/unity-chan!/Unity-chan! Model/Art/UnityChanShader/Shader/Unitychan_chara_hair.shader
  artifactKey: Guid(fe3954a9664afb042a2af588b53680b0) Importer(2089858483,b0f066a214c2f5e87bad3c948f4d605d)
Start importing Assets/unity-chan!/Unity-chan! Model/Art/UnityChanShader/Shader/Unitychan_chara_hair.shader using Guid(fe3954a9664afb042a2af588b53680b0) Importer(2089858483,b0f066a214c2f5e87bad3c948f4d605d) (ScriptedImporter) -> (artifact id: 'ce97999b01d717c9d6e27dddeafec2ac') in 0.1085623 seconds
Number of updated asset objects reloaded before import = 0Number of asset objects unloaded after import = 1

========================================================================
Received Import Request.
  Time since last request: 0.000025 seconds.
  path: Assets/unity-chan!/Unity-chan! Model/Audio/Voice/univ1167.wav
  artifactKey: Guid(14c94d28d0fa044eabf8080bc09df2f1) Importer(2089858483,b0f066a214c2f5e87bad3c948f4d605d)
Start importing Assets/unity-chan!/Unity-chan! Model/Audio/Voice/univ1167.wav using Guid(14c94d28d0fa044eabf8080bc09df2f1) Importer(2089858483,b0f066a214c2f5e87bad3c948f4d605d) (ScriptedImporter) -> (artifact id: '4422d1f12bf25dd83aa088ca97d2a71a') in 0.0501651 seconds
Number of updated asset objects reloaded before import = 0Number of asset objects unloaded after import = 1

========================================================================
Received Import Request.
  Time since last request: 0.000020 seconds.
  path: Assets/unity-chan!/Unity-chan! Model/Audio/Voice/univ1106.wav
  artifactKey: Guid(094de76b4ed3d48f19844f529665011b) Importer(2089858483,b0f066a214c2f5e87bad3c948f4d605d)
Start importing Assets/unity-chan!/Unity-chan! Model/Audio/Voice/univ1106.wav using Guid(094de76b4ed3d48f19844f529665011b) Importer(2089858483,b0f066a214c2f5e87bad3c948f4d605d) (ScriptedImporter) -> (artifact id: 'f10f2d9e0035a6cb533270ab4fc5a540') in 0.0331689 seconds
Number of updated asset objects reloaded before import = 0Number of asset objects unloaded after import = 1

========================================================================
Received Import Request.
  Time since last request: 0.000030 seconds.
  path: Assets/unity-chan!/Unity-chan! Model/Audio/Voice/univ1077.wav
  artifactKey: Guid(a547a21a0c17440fca7b13c6ebda770d) Importer(2089858483,b0f066a214c2f5e87bad3c948f4d605d)
Start importing Assets/unity-chan!/Unity-chan! Model/Audio/Voice/univ1077.wav using Guid(a547a21a0c17440fca7b13c6ebda770d) Importer(2089858483,b0f066a214c2f5e87bad3c948f4d605d) (ScriptedImporter) -> (artifact id: 'fa1e91fe614345023a5b35440cf86625') in 0.0295165 seconds
Number of updated asset objects reloaded before import = 0Number of asset objects unloaded after import = 1

========================================================================
Received Import Request.
  Time since last request: 0.000016 seconds.
  path: Assets/unity-chan!/Unity-chan! Model/Audio/Voice/univ0021.wav
  artifactKey: Guid(b5b28ddf9a8dd4df9af0857e990f03d9) Importer(2089858483,b0f066a214c2f5e87bad3c948f4d605d)
Start importing Assets/unity-chan!/Unity-chan! Model/Audio/Voice/univ0021.wav using Guid(b5b28ddf9a8dd4df9af0857e990f03d9) Importer(2089858483,b0f066a214c2f5e87bad3c948f4d605d) (ScriptedImporter) -> (artifact id: '339976a8070944958f0cf0827ad1c001') in 0.0249466 seconds
Number of updated asset objects reloaded before import = 0Number of asset objects unloaded after import = 1

========================================================================
Received Import Request.
  Time since last request: 0.000022 seconds.
  path: Assets/unity-chan!/Unity-chan! Model/Audio/Voice/univ1045.wav
  artifactKey: Guid(73cbd48329eea41b7b8ee144ae7b57c0) Importer(2089858483,b0f066a214c2f5e87bad3c948f4d605d)
Start importing Assets/unity-chan!/Unity-chan! Model/Audio/Voice/univ1045.wav using Guid(73cbd48329eea41b7b8ee144ae7b57c0) Importer(2089858483,b0f066a214c2f5e87bad3c948f4d605d) (ScriptedImporter) -> (artifact id: '191403eca20bece549cb4fe7c3c21884') in 0.0279781 seconds
Number of updated asset objects reloaded before import = 0Number of asset objects unloaded after import = 1

========================================================================
Received Import Request.
  Time since last request: 0.000024 seconds.
  path: Assets/unity-chan!/Unity-chan! Model/Art/Animations/FaceAnimation/conf@unitychan.anim
  artifactKey: Guid(2d64a878e09fc46ce9d3079357ebb3a5) Importer(2089858483,b0f066a214c2f5e87bad3c948f4d605d)
Start importing Assets/unity-chan!/Unity-chan! Model/Art/Animations/FaceAnimation/conf@unitychan.anim using Guid(2d64a878e09fc46ce9d3079357ebb3a5) Importer(2089858483,b0f066a214c2f5e87bad3c948f4d605d) (ScriptedImporter) -> (artifact id: '7f2693a827ec8dd70ef1de1cd165c8e9') in 0.0290581 seconds
Number of updated asset objects reloaded before import = 0Number of asset objects unloaded after import = 1

========================================================================
Received Import Request.
  Time since last request: 0.000070 seconds.
  path: Assets/unity-chan!/Unity-chan! Model/Audio/Voice/univ1113.wav
  artifactKey: Guid(858df660ee2f04232b04615ea143bff5) Importer(2089858483,b0f066a214c2f5e87bad3c948f4d605d)
Start importing Assets/unity-chan!/Unity-chan! Model/Audio/Voice/univ1113.wav using Guid(858df660ee2f04232b04615ea143bff5) Importer(2089858483,b0f066a214c2f5e87bad3c948f4d605d) (ScriptedImporter) -> (artifact id: '8ecb940c5f55eff02eeb68faf2533449') in 0.0326991 seconds
Number of updated asset objects reloaded before import = 0Number of asset objects unloaded after import = 1

========================================================================
Received Import Request.
  Time since last request: 0.000020 seconds.
  path: Assets/unity-chan!/Unity-chan! Model/Audio/Voice/univ1308.wav
  artifactKey: Guid(9979f85aedd034a7c86bbe9d95d33567) Importer(2089858483,b0f066a214c2f5e87bad3c948f4d605d)
Start importing Assets/unity-chan!/Unity-chan! Model/Audio/Voice/univ1308.wav using Guid(9979f85aedd034a7c86bbe9d95d33567) Importer(2089858483,b0f066a214c2f5e87bad3c948f4d605d) (ScriptedImporter) -> (artifact id: '9402e06a9d7755ec1066ad7b36eba880') in 0.0252485 seconds
Number of updated asset objects reloaded before import = 0Number of asset objects unloaded after import = 1

========================================================================
Received Import Request.
  Time since last request: 0.000015 seconds.
  path: Assets/unity-chan!/Unity-chan! Model/Audio/Voice/univ1267.wav
  artifactKey: Guid(896789f06f4074edcb047b30bc29ebac) Importer(2089858483,b0f066a214c2f5e87bad3c948f4d605d)
Start importing Assets/unity-chan!/Unity-chan! Model/Audio/Voice/univ1267.wav using Guid(896789f06f4074edcb047b30bc29ebac) Importer(2089858483,b0f066a214c2f5e87bad3c948f4d605d) (ScriptedImporter) -> (artifact id: '853354eb4fcdd3642c98719125fb635a') in 0.0287953 seconds
Number of updated asset objects reloaded before import = 0Number of asset objects unloaded after import = 1

========================================================================
Received Import Request.
  Time since last request: 0.000124 seconds.
  path: Assets/unity-chan!/Unity-chan! Model/Documentation/UnityChanLicense2.0/License Logo/LUUL_logo-guideline_en.pdf
  artifactKey: Guid(2398d5143b750da4a8ba70e167678191) Importer(2089858483,b0f066a214c2f5e87bad3c948f4d605d)
Start importing Assets/unity-chan!/Unity-chan! Model/Documentation/UnityChanLicense2.0/License Logo/LUUL_logo-guideline_en.pdf using Guid(2398d5143b750da4a8ba70e167678191) Importer(2089858483,b0f066a214c2f5e87bad3c948f4d605d) (ScriptedImporter) -> (artifact id: 'de9a6f470036278e132b4258fe888c4d') in 0.0143917 seconds
Number of updated asset objects reloaded before import = 0Number of asset objects unloaded after import = 1

========================================================================
Received Import Request.
  Time since last request: 0.000032 seconds.
  path: Assets/unity-chan!/Unity-chan! Model/Audio/Voice/univ1302.wav
  artifactKey: Guid(3a27524a1084e4a23af7c7e112602a0e) Importer(2089858483,b0f066a214c2f5e87bad3c948f4d605d)
Start importing Assets/unity-chan!/Unity-chan! Model/Audio/Voice/univ1302.wav using Guid(3a27524a1084e4a23af7c7e112602a0e) Importer(2089858483,b0f066a214c2f5e87bad3c948f4d605d) (ScriptedImporter) -> (artifact id: '5066909eb536c4ce497781b13a516d5a') in 0.0304862 seconds
Number of updated asset objects reloaded before import = 0Number of asset objects unloaded after import = 1

========================================================================
Received Import Request.
  Time since last request: 0.000019 seconds.
  path: Assets/unity-chan!/Unity-chan! Model/Audio/Voice/univ0039.wav
  artifactKey: Guid(5ca3d77953c5c40fdbd17d625c78ff78) Importer(2089858483,b0f066a214c2f5e87bad3c948f4d605d)
Start importing Assets/unity-chan!/Unity-chan! Model/Audio/Voice/univ0039.wav using Guid(5ca3d77953c5c40fdbd17d625c78ff78) Importer(2089858483,b0f066a214c2f5e87bad3c948f4d605d) (ScriptedImporter) -> (artifact id: '75f96a659d7fbc65509799ab8e474240') in 0.0303486 seconds
Number of updated asset objects reloaded before import = 0Number of asset objects unloaded after import = 1

========================================================================
Received Import Request.
  Time since last request: 0.000022 seconds.
  path: Assets/unity-chan!/Unity-chan! Model/Art/Animations/Animators/UnityChanActionCheck.controller
  artifactKey: Guid(212b3a957fa7bee41a0bf8c3b14ce293) Importer(2089858483,b0f066a214c2f5e87bad3c948f4d605d)
Start importing Assets/unity-chan!/Unity-chan! Model/Art/Animations/Animators/UnityChanActionCheck.controller using Guid(212b3a957fa7bee41a0bf8c3b14ce293) Importer(2089858483,b0f066a214c2f5e87bad3c948f4d605d) (ScriptedImporter) -> (artifact id: '7c82d4e8049d3d0b5ee564181d3065b1') in 0.1216425 seconds
Number of updated asset objects reloaded before import = 0Number of asset objects unloaded after import = 134

========================================================================
Received Import Request.
  Time since last request: 0.000034 seconds.
  path: Assets/unity-chan!/Unity-chan! Model/Art/Animations/unitychan_DAMAGED00.fbx
  artifactKey: Guid(6dd5b57ca7c0d48e4b3e9061e1c88d18) Importer(2089858483,b0f066a214c2f5e87bad3c948f4d605d)
Start importing Assets/unity-chan!/Unity-chan! Model/Art/Animations/unitychan_DAMAGED00.fbx using Guid(6dd5b57ca7c0d48e4b3e9061e1c88d18) Importer(2089858483,b0f066a214c2f5e87bad3c948f4d605d) (ScriptedImporter) -> (artifact id: 'fd8b0993e16c36e3f60ba59d03bc0cb8') in 0.0874096 seconds
Number of updated asset objects reloaded before import = 0Number of asset objects unloaded after import = 325

========================================================================
Received Import Request.
  Time since last request: 0.000047 seconds.
  path: Assets/unity-chan!/Unity-chan! Model/Art/Animations/unitychan_ARpose1.fbx
  artifactKey: Guid(e8397bfde2758f942a04edaaf7ad57ec) Importer(2089858483,b0f066a214c2f5e87bad3c948f4d605d)
Start importing Assets/unity-chan!/Unity-chan! Model/Art/Animations/unitychan_ARpose1.fbx using Guid(e8397bfde2758f942a04edaaf7ad57ec) Importer(2089858483,b0f066a214c2f5e87bad3c948f4d605d) (ScriptedImporter) -> (artifact id: '432ebf6666e5029e1d08facdcbef98e9') in 0.0888636 seconds
Number of updated asset objects reloaded before import = 0Number of asset objects unloaded after import = 300

========================================================================
Received Import Request.
  Time since last request: 0.000020 seconds.
  path: Assets/unity-chan!/Unity-chan! Model/Audio/Voice/univ1284.wav
  artifactKey: Guid(57f0fd6283a3a4310bee74d2f5c02ee6) Importer(2089858483,b0f066a214c2f5e87bad3c948f4d605d)
Start importing Assets/unity-chan!/Unity-chan! Model/Audio/Voice/univ1284.wav using Guid(57f0fd6283a3a4310bee74d2f5c02ee6) Importer(2089858483,b0f066a214c2f5e87bad3c948f4d605d) (ScriptedImporter) -> (artifact id: '27cf0f4a827c1c39a44a83cfe0da894b') in 0.0247812 seconds
Number of updated asset objects reloaded before import = 0Number of asset objects unloaded after import = 1

========================================================================
Received Import Request.
  Time since last request: 0.000018 seconds.
  path: Assets/unity-chan!/Unity-chan! Model/Audio/Voice/univ1202.wav
  artifactKey: Guid(f46e3dae66548461db72dc7c716ebf21) Importer(2089858483,b0f066a214c2f5e87bad3c948f4d605d)
Start importing Assets/unity-chan!/Unity-chan! Model/Audio/Voice/univ1202.wav using Guid(f46e3dae66548461db72dc7c716ebf21) Importer(2089858483,b0f066a214c2f5e87bad3c948f4d605d) (ScriptedImporter) -> (artifact id: 'e158fa1fe63f8c6cbe6651f49cd73264') in 0.028285 seconds
Number of updated asset objects reloaded before import = 0Number of asset objects unloaded after import = 1

========================================================================
Received Import Request.
  Time since last request: 0.000027 seconds.
  path: Assets/unity-chan!/Unity-chan! Model/Audio/Voice/univ1117.wav
  artifactKey: Guid(2c73740b2efca45b1a4525f7a0f4f361) Importer(2089858483,b0f066a214c2f5e87bad3c948f4d605d)
Start importing Assets/unity-chan!/Unity-chan! Model/Audio/Voice/univ1117.wav using Guid(2c73740b2efca45b1a4525f7a0f4f361) Importer(2089858483,b0f066a214c2f5e87bad3c948f4d605d) (ScriptedImporter) -> (artifact id: 'b4d1c0c12eed4508a3b57067f5fb9281') in 0.0319858 seconds
Number of updated asset objects reloaded before import = 0Number of asset objects unloaded after import = 1

========================================================================
Received Import Request.
  Time since last request: 0.000033 seconds.
  path: Assets/unity-chan!/Unity-chan! Model/Audio/Voice/univ1313.wav
  artifactKey: Guid(0bae8891cbcc04f209aea51d1233f87d) Importer(2089858483,b0f066a214c2f5e87bad3c948f4d605d)
Start importing Assets/unity-chan!/Unity-chan! Model/Audio/Voice/univ1313.wav using Guid(0bae8891cbcc04f209aea51d1233f87d) Importer(2089858483,b0f066a214c2f5e87bad3c948f4d605d) (ScriptedImporter) -> (artifact id: '98681aa4e6255dd3254d944781d59548') in 0.0306302 seconds
Number of updated asset objects reloaded before import = 0Number of asset objects unloaded after import = 1

========================================================================
Received Import Request.
  Time since last request: 0.000020 seconds.
  path: Assets/unity-chan!/Unity-chan! Model/Audio/Voice/univ1300.wav
  artifactKey: Guid(51e7ac1ce44344250a28470dadf38577) Importer(2089858483,b0f066a214c2f5e87bad3c948f4d605d)
Start importing Assets/unity-chan!/Unity-chan! Model/Audio/Voice/univ1300.wav using Guid(51e7ac1ce44344250a28470dadf38577) Importer(2089858483,b0f066a214c2f5e87bad3c948f4d605d) (ScriptedImporter) -> (artifact id: 'd9d0906dc4de1c35709fcf363113c3e7') in 0.033339 seconds
Number of updated asset objects reloaded before import = 0Number of asset objects unloaded after import = 1

========================================================================
Received Import Request.
  Time since last request: 0.000017 seconds.
  path: Assets/unity-chan!/Unity-chan! Model/Audio/Voice/univ1118.wav
  artifactKey: Guid(57efe523f4fd14bd8ab2322a52c296db) Importer(2089858483,b0f066a214c2f5e87bad3c948f4d605d)
Start importing Assets/unity-chan!/Unity-chan! Model/Audio/Voice/univ1118.wav using Guid(57efe523f4fd14bd8ab2322a52c296db) Importer(2089858483,b0f066a214c2f5e87bad3c948f4d605d) (ScriptedImporter) -> (artifact id: 'ca0f2b83cd648ed9abe390ab00394414') in 0.0262325 seconds
Number of updated asset objects reloaded before import = 0Number of asset objects unloaded after import = 1

========================================================================
Received Import Request.
  Time since last request: 0.000031 seconds.
  path: Assets/unity-chan!/Unity-chan! Model/Audio/Voice/univ1298.wav
  artifactKey: Guid(921b4265fa4e24a9396147dbf14e9e54) Importer(2089858483,b0f066a214c2f5e87bad3c948f4d605d)
Start importing Assets/unity-chan!/Unity-chan! Model/Audio/Voice/univ1298.wav using Guid(921b4265fa4e24a9396147dbf14e9e54) Importer(2089858483,b0f066a214c2f5e87bad3c948f4d605d) (ScriptedImporter) -> (artifact id: '3bb9d30d48cbaa11bdbc8094508efa66') in 0.0243255 seconds
Number of updated asset objects reloaded before import = 0Number of asset objects unloaded after import = 1

========================================================================
Received Import Request.
  Time since last request: 0.000036 seconds.
  path: Assets/unity-chan!/Unity-chan! Model/Art/UnityChanShader/Texture/eye_iris_L_00.tga
  artifactKey: Guid(66f06726158899242adaf95180360b7b) Importer(2089858483,b0f066a214c2f5e87bad3c948f4d605d)
Start importing Assets/unity-chan!/Unity-chan! Model/Art/UnityChanShader/Texture/eye_iris_L_00.tga using Guid(66f06726158899242adaf95180360b7b) Importer(2089858483,b0f066a214c2f5e87bad3c948f4d605d) (ScriptedImporter) -> (artifact id: 'b444cb4f15e6cf807fef57d1efda11af') in 0.0554857 seconds
Number of updated asset objects reloaded before import = 0Number of asset objects unloaded after import = 1

========================================================================
Received Import Request.
  Time since last request: 0.000026 seconds.
  path: Assets/unity-chan!/Unity-chan! Model/Art/UnityChanShader/Shader/CharaOutline.cg
  artifactKey: Guid(98e9eccf54dd0e34c9cb77865555483f) Importer(2089858483,b0f066a214c2f5e87bad3c948f4d605d)
Start importing Assets/unity-chan!/Unity-chan! Model/Art/UnityChanShader/Shader/CharaOutline.cg using Guid(98e9eccf54dd0e34c9cb77865555483f) Importer(2089858483,b0f066a214c2f5e87bad3c948f4d605d) (ScriptedImporter) -> (artifact id: 'd8f791b43a71ef180d035935f2e8f262') in 0.0141826 seconds
Number of updated asset objects reloaded before import = 0Number of asset objects unloaded after import = 1

========================================================================
Received Import Request.
  Time since last request: 0.000032 seconds.
  path: Assets/unity-chan!/Unity-chan! Model/Audio/Voice/univ0036.wav
  artifactKey: Guid(4d14dab9e33d14848a32415f0dbb069a) Importer(2089858483,b0f066a214c2f5e87bad3c948f4d605d)
Start importing Assets/unity-chan!/Unity-chan! Model/Audio/Voice/univ0036.wav using Guid(4d14dab9e33d14848a32415f0dbb069a) Importer(2089858483,b0f066a214c2f5e87bad3c948f4d605d) (ScriptedImporter) -> (artifact id: 'fcb63dffce6c76293e6f6bceb6ff7655') in 0.0372108 seconds
Number of updated asset objects reloaded before import = 0Number of asset objects unloaded after import = 1

========================================================================
Received Import Request.
  Time since last request: 0.000027 seconds.
  path: Assets/unity-chan!/Unity-chan! Model/Audio/Voice/univ1261.wav
  artifactKey: Guid(0f9b83a7b39274177b6e3d39b408313f) Importer(2089858483,b0f066a214c2f5e87bad3c948f4d605d)
Start importing Assets/unity-chan!/Unity-chan! Model/Audio/Voice/univ1261.wav using Guid(0f9b83a7b39274177b6e3d39b408313f) Importer(2089858483,b0f066a214c2f5e87bad3c948f4d605d) (ScriptedImporter) -> (artifact id: '5536830fdd0080e410e56619a8aecddf') in 0.0282801 seconds
Number of updated asset objects reloaded before import = 0Number of asset objects unloaded after import = 1

========================================================================
Received Import Request.
  Time since last request: 0.000029 seconds.
  path: Assets/unity-chan!/Unity-chan! Model/Audio/Voice/univ1088.wav
  artifactKey: Guid(bbf42c83ce5bb4045a4a63e8ae0e5656) Importer(2089858483,b0f066a214c2f5e87bad3c948f4d605d)
Start importing Assets/unity-chan!/Unity-chan! Model/Audio/Voice/univ1088.wav using Guid(bbf42c83ce5bb4045a4a63e8ae0e5656) Importer(2089858483,b0f066a214c2f5e87bad3c948f4d605d) (ScriptedImporter) -> (artifact id: '460fac0c49e9d785ac83de73b9eeb77a') in 0.0258794 seconds
Number of updated asset objects reloaded before import = 0Number of asset objects unloaded after import = 1

========================================================================
Received Import Request.
  Time since last request: 0.000021 seconds.
  path: Assets/unity-chan!/Unity-chan! Model/Documentation/unitychan_shader.pdf
  artifactKey: Guid(137e63c1f5c81469e99e2220647911ff) Importer(2089858483,b0f066a214c2f5e87bad3c948f4d605d)
Start importing Assets/unity-chan!/Unity-chan! Model/Documentation/unitychan_shader.pdf using Guid(137e63c1f5c81469e99e2220647911ff) Importer(2089858483,b0f066a214c2f5e87bad3c948f4d605d) (ScriptedImporter) -> (artifact id: '5880b85abd1440f7b818731b9eae9f96') in 0.0147454 seconds
Number of updated asset objects reloaded before import = 0Number of asset objects unloaded after import = 1

========================================================================
Received Import Request.
  Time since last request: 0.000021 seconds.
  path: Assets/unity-chan!/Unity-chan! Model/Audio/Voice/univ1135.wav
  artifactKey: Guid(ca07955cc69ce43dd8db0c79dffbe1ad) Importer(2089858483,b0f066a214c2f5e87bad3c948f4d605d)
Start importing Assets/unity-chan!/Unity-chan! Model/Audio/Voice/univ1135.wav using Guid(ca07955cc69ce43dd8db0c79dffbe1ad) Importer(2089858483,b0f066a214c2f5e87bad3c948f4d605d) (ScriptedImporter) -> (artifact id: 'ad42efc7445dcacea4b5b8f68c88fea2') in 0.0247629 seconds
Number of updated asset objects reloaded before import = 0Number of asset objects unloaded after import = 1

========================================================================
Received Import Request.
  Time since last request: 0.000018 seconds.
  path: Assets/unity-chan!/Unity-chan! Model/Audio/Voice/univ1024.wav
  artifactKey: Guid(91c68039ec5d440779d554f2876d84cc) Importer(2089858483,b0f066a214c2f5e87bad3c948f4d605d)
Start importing Assets/unity-chan!/Unity-chan! Model/Audio/Voice/univ1024.wav using Guid(91c68039ec5d440779d554f2876d84cc) Importer(2089858483,b0f066a214c2f5e87bad3c948f4d605d) (ScriptedImporter) -> (artifact id: '95d81b56be19da62c28764373095059d') in 0.0261702 seconds
Number of updated asset objects reloaded before import = 0Number of asset objects unloaded after import = 1

========================================================================
Received Import Request.
  Time since last request: 0.000026 seconds.
  path: Assets/unity-chan!/Unity-chan! Model/Audio/Voice/univ1245.wav
  artifactKey: Guid(0d4e82b27a1c14af8971e374849c947e) Importer(2089858483,b0f066a214c2f5e87bad3c948f4d605d)
Start importing Assets/unity-chan!/Unity-chan! Model/Audio/Voice/univ1245.wav using Guid(0d4e82b27a1c14af8971e374849c947e) Importer(2089858483,b0f066a214c2f5e87bad3c948f4d605d) (ScriptedImporter) -> (artifact id: '89110094039e6d9ca1c5eaa3185f2f62') in 0.0238112 seconds
Number of updated asset objects reloaded before import = 0Number of asset objects unloaded after import = 1

========================================================================
Received Import Request.
  Time since last request: 0.000029 seconds.
  path: Assets/unity-chan!/Unity-chan! Model/Audio/Voice/univ1183.wav
  artifactKey: Guid(32c66f57888d14cc7a1c33026a6a6dee) Importer(2089858483,b0f066a214c2f5e87bad3c948f4d605d)
Start importing Assets/unity-chan!/Unity-chan! Model/Audio/Voice/univ1183.wav using Guid(32c66f57888d14cc7a1c33026a6a6dee) Importer(2089858483,b0f066a214c2f5e87bad3c948f4d605d) (ScriptedImporter) -> (artifact id: 'ed56b1c5f2804dbee16e0c1fcc7fcda7') in 0.0258372 seconds
Number of updated asset objects reloaded before import = 0Number of asset objects unloaded after import = 1

========================================================================
Received Import Request.
  Time since last request: 0.000021 seconds.
  path: Assets/unity-chan!/Unity-chan! Model/Documentation/UnityChanLicense2.0/English
  artifactKey: Guid(b03156dda204710499f2c76c01cd4a92) Importer(2089858483,b0f066a214c2f5e87bad3c948f4d605d)
Start importing Assets/unity-chan!/Unity-chan! Model/Documentation/UnityChanLicense2.0/English using Guid(b03156dda204710499f2c76c01cd4a92) Importer(2089858483,b0f066a214c2f5e87bad3c948f4d605d) (ScriptedImporter) -> (artifact id: '1c486f8e7e412f3e5a76630929ae4022') in 0.0128991 seconds
Number of updated asset objects reloaded before import = 0Number of asset objects unloaded after import = 1

========================================================================
Received Import Request.
  Time since last request: 0.000020 seconds.
  path: Assets/unity-chan!/Unity-chan! Model/Audio/Voice/univ1252.wav
  artifactKey: Guid(22275d276cb8a4d5784be7e5177dabbb) Importer(2089858483,b0f066a214c2f5e87bad3c948f4d605d)
Start importing Assets/unity-chan!/Unity-chan! Model/Audio/Voice/univ1252.wav using Guid(22275d276cb8a4d5784be7e5177dabbb) Importer(2089858483,b0f066a214c2f5e87bad3c948f4d605d) (ScriptedImporter) -> (artifact id: '83cb62656db51598ddfeb0775ad8c2fa') in 0.0296194 seconds
Number of updated asset objects reloaded before import = 0Number of asset objects unloaded after import = 1

========================================================================
Received Import Request.
  Time since last request: 0.000018 seconds.
  path: Assets/unity-chan!/Unity-chan! Model/Audio/Voice/univ0022.wav
  artifactKey: Guid(9a6ffec590512439cb7a77619dd4a115) Importer(2089858483,b0f066a214c2f5e87bad3c948f4d605d)
Start importing Assets/unity-chan!/Unity-chan! Model/Audio/Voice/univ0022.wav using Guid(9a6ffec590512439cb7a77619dd4a115) Importer(2089858483,b0f066a214c2f5e87bad3c948f4d605d) (ScriptedImporter) -> (artifact id: 'dfda8a6032a52b02dfe6bed0b1de0bb6') in 0.029073 seconds
Number of updated asset objects reloaded before import = 0Number of asset objects unloaded after import = 1

========================================================================
Received Import Request.
  Time since last request: 0.000028 seconds.
  path: Assets/unity-chan!/Unity-chan! Model/Documentation/ReadMe/ReadMe_jp.pdf
  artifactKey: Guid(e793ce9481e314d228f8dbc6a9e8940f) Importer(2089858483,b0f066a214c2f5e87bad3c948f4d605d)
Start importing Assets/unity-chan!/Unity-chan! Model/Documentation/ReadMe/ReadMe_jp.pdf using Guid(e793ce9481e314d228f8dbc6a9e8940f) Importer(2089858483,b0f066a214c2f5e87bad3c948f4d605d) (ScriptedImporter) -> (artifact id: 'cc0c232b6837e0587b29f7b94dabbc7c') in 0.0137265 seconds
Number of updated asset objects reloaded before import = 0Number of asset objects unloaded after import = 1

========================================================================
Received Import Request.
  Time since last request: 0.000028 seconds.
  path: Assets/unity-chan!/Unity-chan! Model/Audio/Voice/univ1319.wav
  artifactKey: Guid(c46659c4399554ccf87d41cc44b24ee0) Importer(2089858483,b0f066a214c2f5e87bad3c948f4d605d)
Start importing Assets/unity-chan!/Unity-chan! Model/Audio/Voice/univ1319.wav using Guid(c46659c4399554ccf87d41cc44b24ee0) Importer(2089858483,b0f066a214c2f5e87bad3c948f4d605d) (ScriptedImporter) -> (artifact id: '72805c77ad0b978c0bf8f78655c002d3') in 0.032557 seconds
Number of updated asset objects reloaded before import = 0Number of asset objects unloaded after import = 1

========================================================================
Received Import Request.
  Time since last request: 0.000021 seconds.
  path: Assets/unity-chan!/Unity-chan! Model/Audio/Voice/univ1159.wav
  artifactKey: Guid(dfad0cbe01e48476a81bd7b9ee514e59) Importer(2089858483,b0f066a214c2f5e87bad3c948f4d605d)
Start importing Assets/unity-chan!/Unity-chan! Model/Audio/Voice/univ1159.wav using Guid(dfad0cbe01e48476a81bd7b9ee514e59) Importer(2089858483,b0f066a214c2f5e87bad3c948f4d605d) (ScriptedImporter) -> (artifact id: '0cc5a00875d0340c3be21ed7be0d174a') in 0.0278408 seconds
Number of updated asset objects reloaded before import = 0Number of asset objects unloaded after import = 1

========================================================================
Received Import Request.
  Time since last request: 0.000014 seconds.
  path: Assets/unity-chan!/Unity-chan! Model/Audio/Voice/univ1323.wav
  artifactKey: Guid(ce8fb16400a9f41949d5cf2da5964582) Importer(2089858483,b0f066a214c2f5e87bad3c948f4d605d)
Start importing Assets/unity-chan!/Unity-chan! Model/Audio/Voice/univ1323.wav using Guid(ce8fb16400a9f41949d5cf2da5964582) Importer(2089858483,b0f066a214c2f5e87bad3c948f4d605d) (ScriptedImporter) -> (artifact id: 'ed4b026fa03dacea1653e51e8f452895') in 0.0266948 seconds
Number of updated asset objects reloaded before import = 0Number of asset objects unloaded after import = 1

========================================================================
Received Import Request.
  Time since last request: 0.000026 seconds.
  path: Assets/unity-chan!/Unity-chan! Model/Art/Stage/Textures/unitychan_tile3.png
  artifactKey: Guid(0c13bdfc1ad5def4aa6650ca8a1568e5) Importer(2089858483,b0f066a214c2f5e87bad3c948f4d605d)
Start importing Assets/unity-chan!/Unity-chan! Model/Art/Stage/Textures/unitychan_tile3.png using Guid(0c13bdfc1ad5def4aa6650ca8a1568e5) Importer(2089858483,b0f066a214c2f5e87bad3c948f4d605d) (ScriptedImporter) -> (artifact id: '76a93346829becad8b8a75b086320c8e') in 0.0208753 seconds
Number of updated asset objects reloaded before import = 0Number of asset objects unloaded after import = 1

========================================================================
Received Import Request.
  Time since last request: 0.000029 seconds.
  path: Assets/unity-chan!/Unity-chan! Model/Documentation/UnityChanLicense2.0/License Logo/Others/jpg/Light_Silhouette.jpg
  artifactKey: Guid(c9231b186ae5e3f40b0e239756ad63e3) Importer(2089858483,b0f066a214c2f5e87bad3c948f4d605d)
Start importing Assets/unity-chan!/Unity-chan! Model/Documentation/UnityChanLicense2.0/License Logo/Others/jpg/Light_Silhouette.jpg using Guid(c9231b186ae5e3f40b0e239756ad63e3) Importer(2089858483,b0f066a214c2f5e87bad3c948f4d605d) (ScriptedImporter) -> (artifact id: 'a2a6fa18110c93fdf764a9492140ab9a') in 0.0176635 seconds
Number of updated asset objects reloaded before import = 0Number of asset objects unloaded after import = 1

========================================================================
Received Import Request.
  Time since last request: 0.000017 seconds.
  path: Assets/unity-chan!/Unity-chan! Model/Art/Stage/Textures
  artifactKey: Guid(799c1b191a32744fb8e2ff627de525e5) Importer(2089858483,b0f066a214c2f5e87bad3c948f4d605d)
Start importing Assets/unity-chan!/Unity-chan! Model/Art/Stage/Textures using Guid(799c1b191a32744fb8e2ff627de525e5) Importer(2089858483,b0f066a214c2f5e87bad3c948f4d605d) (ScriptedImporter) -> (artifact id: '37d8ef7d25c3c90c1ec1afe622cadc8c') in 0.0141734 seconds
Number of updated asset objects reloaded before import = 0Number of asset objects unloaded after import = 1

========================================================================
Received Import Request.
  Time since last request: 0.000016 seconds.
  path: Assets/unity-chan!/Unity-chan! Model/Audio/Voice/univ1003.wav
  artifactKey: Guid(1ec434e75e64c4dc7ab389969fcfaa46) Importer(2089858483,b0f066a214c2f5e87bad3c948f4d605d)
Start importing Assets/unity-chan!/Unity-chan! Model/Audio/Voice/univ1003.wav using Guid(1ec434e75e64c4dc7ab389969fcfaa46) Importer(2089858483,b0f066a214c2f5e87bad3c948f4d605d) (ScriptedImporter) -> (artifact id: '8a6da38d3e484672a27d490afb73a4d9') in 0.0294343 seconds
Number of updated asset objects reloaded before import = 0Number of asset objects unloaded after import = 1

========================================================================
Received Import Request.
  Time since last request: 0.000020 seconds.
  path: Assets/unity-chan!/Unity-chan! Model/SplashScreen/Logo/Light_Silhouette.png
  artifactKey: Guid(f0b1c60b0227e4e1fa89a56252ded127) Importer(2089858483,b0f066a214c2f5e87bad3c948f4d605d)
Start importing Assets/unity-chan!/Unity-chan! Model/SplashScreen/Logo/Light_Silhouette.png using Guid(f0b1c60b0227e4e1fa89a56252ded127) Importer(2089858483,b0f066a214c2f5e87bad3c948f4d605d) (ScriptedImporter) -> (artifact id: 'b1e913d4c912eb0b5052709d9d7d8ee8') in 0.0355222 seconds
Number of updated asset objects reloaded before import = 0Number of asset objects unloaded after import = 3

========================================================================
Received Import Request.
  Time since last request: 0.000027 seconds.
  path: Assets/unity-chan!/Unity-chan! Model/Art/UnityChanShader/Texture/guide.tga
  artifactKey: Guid(d04d722a0c808412ea85876950eec517) Importer(2089858483,b0f066a214c2f5e87bad3c948f4d605d)
Start importing Assets/unity-chan!/Unity-chan! Model/Art/UnityChanShader/Texture/guide.tga using Guid(d04d722a0c808412ea85876950eec517) Importer(2089858483,b0f066a214c2f5e87bad3c948f4d605d) (ScriptedImporter) -> (artifact id: '38ddbd031e36d4b73d4648bc2e310474') in 0.0231724 seconds
Number of updated asset objects reloaded before import = 0Number of asset objects unloaded after import = 1

========================================================================
Received Import Request.
  Time since last request: 0.000029 seconds.
  path: Assets/unity-chan!/Unity-chan! Model/Audio/Voice/univ1063.wav
  artifactKey: Guid(6b7993f1f34824d1890a2301f1c5df1b) Importer(2089858483,b0f066a214c2f5e87bad3c948f4d605d)
Start importing Assets/unity-chan!/Unity-chan! Model/Audio/Voice/univ1063.wav using Guid(6b7993f1f34824d1890a2301f1c5df1b) Importer(2089858483,b0f066a214c2f5e87bad3c948f4d605d) (ScriptedImporter) -> (artifact id: '4d3759785a1854c207967788072f392f') in 0.0248698 seconds
Number of updated asset objects reloaded before import = 0Number of asset objects unloaded after import = 1

========================================================================
Received Import Request.
  Time since last request: 0.000017 seconds.
  path: Assets/unity-chan!/Unity-chan! Model/Art/Animations/unitychan_UMATOBI00.fbx
  artifactKey: Guid(8bf916c92a6742d4ea62fd210c3fd0e6) Importer(2089858483,b0f066a214c2f5e87bad3c948f4d605d)
Start importing Assets/unity-chan!/Unity-chan! Model/Art/Animations/unitychan_UMATOBI00.fbx using Guid(8bf916c92a6742d4ea62fd210c3fd0e6) Importer(2089858483,b0f066a214c2f5e87bad3c948f4d605d) (ScriptedImporter) -> (artifact id: '7ca92ddaf4b2bcb14ba23943c5efb446') in 0.0368575 seconds
Number of updated asset objects reloaded before import = 0Number of asset objects unloaded after import = 325

========================================================================
Received Import Request.
  Time since last request: 0.000026 seconds.
  path: Assets/unity-chan!/Unity-chan! Model/Audio/Voice/univ1333.wav
  artifactKey: Guid(200f6aa17501b414e9f7460618168fe3) Importer(2089858483,b0f066a214c2f5e87bad3c948f4d605d)
Start importing Assets/unity-chan!/Unity-chan! Model/Audio/Voice/univ1333.wav using Guid(200f6aa17501b414e9f7460618168fe3) Importer(2089858483,b0f066a214c2f5e87bad3c948f4d605d) (ScriptedImporter) -> (artifact id: '5e264cc18bf7f8162d1f0bd5b6079497') in 0.0267924 seconds
Number of updated asset objects reloaded before import = 0Number of asset objects unloaded after import = 1

========================================================================
Received Import Request.
  Time since last request: 0.000031 seconds.
  path: Assets/unity-chan!/Unity-chan! Model/Documentation/UnityChanLicense2.0/License Logo/Others/png/Dark_Silhouette.png
  artifactKey: Guid(e534fa5e8d6bad340bbc9196dabe6f51) Importer(2089858483,b0f066a214c2f5e87bad3c948f4d605d)
Start importing Assets/unity-chan!/Unity-chan! Model/Documentation/UnityChanLicense2.0/License Logo/Others/png/Dark_Silhouette.png using Guid(e534fa5e8d6bad340bbc9196dabe6f51) Importer(2089858483,b0f066a214c2f5e87bad3c948f4d605d) (ScriptedImporter) -> (artifact id: 'efd21e69744462abca74e762caa07aec') in 0.0168161 seconds
Number of updated asset objects reloaded before import = 0Number of asset objects unloaded after import = 1

========================================================================
Received Import Request.
  Time since last request: 0.000039 seconds.
  path: Assets/unity-chan!/Unity-chan! Model/Audio/Voice/univ1092.wav
  artifactKey: Guid(23e7ee0c4720c4bd48c405abb4ffa7f2) Importer(2089858483,b0f066a214c2f5e87bad3c948f4d605d)
Start importing Assets/unity-chan!/Unity-chan! Model/Audio/Voice/univ1092.wav using Guid(23e7ee0c4720c4bd48c405abb4ffa7f2) Importer(2089858483,b0f066a214c2f5e87bad3c948f4d605d) (ScriptedImporter) -> (artifact id: '25918ed7ea04c32a4170f9db543aee8e') in 0.0275716 seconds
Number of updated asset objects reloaded before import = 0Number of asset objects unloaded after import = 1

========================================================================
Received Import Request.
  Time since last request: 0.000022 seconds.
  path: Assets/unity-chan!/Unity-chan! Model/Art/Animations/unitychan_JUMP01B.fbx
  artifactKey: Guid(c49b7faf71cf048418fe526d8e233c8e) Importer(2089858483,b0f066a214c2f5e87bad3c948f4d605d)
Start importing Assets/unity-chan!/Unity-chan! Model/Art/Animations/unitychan_JUMP01B.fbx using Guid(c49b7faf71cf048418fe526d8e233c8e) Importer(2089858483,b0f066a214c2f5e87bad3c948f4d605d) (ScriptedImporter) -> (artifact id: 'aaf4af68b7bdf436b3acd8f6845427d9') in 0.0420537 seconds
Number of updated asset objects reloaded before import = 0Number of asset objects unloaded after import = 325

========================================================================
Received Import Request.
  Time since last request: 0.000025 seconds.
  path: Assets/unity-chan!/Unity-chan! Model/Audio/Voice/univ1125.wav
  artifactKey: Guid(8841fe57b39704952811b1850e9de699) Importer(2089858483,b0f066a214c2f5e87bad3c948f4d605d)
Start importing Assets/unity-chan!/Unity-chan! Model/Audio/Voice/univ1125.wav using Guid(8841fe57b39704952811b1850e9de699) Importer(2089858483,b0f066a214c2f5e87bad3c948f4d605d) (ScriptedImporter) -> (artifact id: '3561428c5614074ad35628ee77afcf95') in 0.0321346 seconds
Number of updated asset objects reloaded before import = 0Number of asset objects unloaded after import = 1

========================================================================
Received Import Request.
  Time since last request: 0.000019 seconds.
  path: Assets/unity-chan!/Unity-chan! Model/Scripts/IKCtrlRightHand.cs
  artifactKey: Guid(16931e3bbabb00f478bbbe4759af8343) Importer(2089858483,b0f066a214c2f5e87bad3c948f4d605d)
Start importing Assets/unity-chan!/Unity-chan! Model/Scripts/IKCtrlRightHand.cs using Guid(16931e3bbabb00f478bbbe4759af8343) Importer(2089858483,b0f066a214c2f5e87bad3c948f4d605d) (ScriptedImporter) -> (artifact id: '823be5c67a7a3391f69b8389d534f999') in 0.0137919 seconds
Number of updated asset objects reloaded before import = 0Number of asset objects unloaded after import = 0

========================================================================
Received Import Request.
  Time since last request: 0.000031 seconds.
  path: Assets/unity-chan!/Unity-chan! Model/Editor
  artifactKey: Guid(0ed7722d085f04820ba89e8fb4d451a2) Importer(2089858483,b0f066a214c2f5e87bad3c948f4d605d)
Start importing Assets/unity-chan!/Unity-chan! Model/Editor using Guid(0ed7722d085f04820ba89e8fb4d451a2) Importer(2089858483,b0f066a214c2f5e87bad3c948f4d605d) (ScriptedImporter) -> (artifact id: 'a9bb703269c659d390979bebccf53ebf') in 0.0144301 seconds
Number of updated asset objects reloaded before import = 0Number of asset objects unloaded after import = 1

========================================================================
Received Import Request.
  Time since last request: 0.000018 seconds.
  path: Assets/unity-chan!/Unity-chan! Model/Art/Animations/unitychan_WAIT04.fbx
  artifactKey: Guid(685e1a7587d604fd8a8a0a56834063bb) Importer(2089858483,b0f066a214c2f5e87bad3c948f4d605d)
Start importing Assets/unity-chan!/Unity-chan! Model/Art/Animations/unitychan_WAIT04.fbx using Guid(685e1a7587d604fd8a8a0a56834063bb) Importer(2089858483,b0f066a214c2f5e87bad3c948f4d605d) (ScriptedImporter) -> (artifact id: 'e3e7b35293ae9193dda6d1ff85b29145') in 0.0452402 seconds
Number of updated asset objects reloaded before import = 0Number of asset objects unloaded after import = 325

========================================================================
Received Import Request.
  Time since last request: 0.000019 seconds.
  path: Assets/unity-chan!/Unity-chan! Model/Documentation/UnityChanLicense2.0/Japanese/01Unity-Chan License Terms and Condition_JP_UCL2.0.pdf
  artifactKey: Guid(f84d9c7980d3169458e696b599407b14) Importer(2089858483,b0f066a214c2f5e87bad3c948f4d605d)
Start importing Assets/unity-chan!/Unity-chan! Model/Documentation/UnityChanLicense2.0/Japanese/01Unity-Chan License Terms and Condition_JP_UCL2.0.pdf using Guid(f84d9c7980d3169458e696b599407b14) Importer(2089858483,b0f066a214c2f5e87bad3c948f4d605d) (ScriptedImporter) -> (artifact id: '93566ff7ed11e1f353a1a22f92542eda') in 0.0146043 seconds
Number of updated asset objects reloaded before import = 0Number of asset objects unloaded after import = 1

========================================================================
Received Import Request.
  Time since last request: 0.000021 seconds.
  path: Assets/unity-chan!/Unity-chan! Model/Art/Animations/unitychan_JUMP00.fbx
  artifactKey: Guid(ac75d16809dc0054d8e3449e7ba665f2) Importer(2089858483,b0f066a214c2f5e87bad3c948f4d605d)
Start importing Assets/unity-chan!/Unity-chan! Model/Art/Animations/unitychan_JUMP00.fbx using Guid(ac75d16809dc0054d8e3449e7ba665f2) Importer(2089858483,b0f066a214c2f5e87bad3c948f4d605d) (ScriptedImporter) -> (artifact id: '0fa44cd399b25409b73660098d553757') in 0.037819 seconds
Number of updated asset objects reloaded before import = 0Number of asset objects unloaded after import = 325

========================================================================
Received Import Request.
  Time since last request: 0.000027 seconds.
  path: Assets/unity-chan!/Unity-chan! Model/Audio/Voice/univ0013.wav
  artifactKey: Guid(23b4a85d442dc4abb8d2c6559b135c3c) Importer(2089858483,b0f066a214c2f5e87bad3c948f4d605d)
Start importing Assets/unity-chan!/Unity-chan! Model/Audio/Voice/univ0013.wav using Guid(23b4a85d442dc4abb8d2c6559b135c3c) Importer(2089858483,b0f066a214c2f5e87bad3c948f4d605d) (ScriptedImporter) -> (artifact id: 'f95f8accba65faf048f997b524eab785') in 0.0276862 seconds
Number of updated asset objects reloaded before import = 0Number of asset objects unloaded after import = 1

========================================================================
Received Import Request.
  Time since last request: 0.000035 seconds.
  path: Assets/unity-chan!/Unity-chan! Model/Audio/Voice/univ1087.wav
  artifactKey: Guid(145fb24c1947b4b3eaa88beb070aca86) Importer(2089858483,b0f066a214c2f5e87bad3c948f4d605d)
Start importing Assets/unity-chan!/Unity-chan! Model/Audio/Voice/univ1087.wav using Guid(145fb24c1947b4b3eaa88beb070aca86) Importer(2089858483,b0f066a214c2f5e87bad3c948f4d605d) (ScriptedImporter) -> (artifact id: '1f6be7aebedfada7afb3e721cbd332f4') in 0.0267735 seconds
Number of updated asset objects reloaded before import = 0Number of asset objects unloaded after import = 1

========================================================================
Received Import Request.
  Time since last request: 0.000021 seconds.
  path: Assets/unity-chan!/Unity-chan! Model/Audio/Voice/univ1051.wav
  artifactKey: Guid(df5abc14478b84a4d85195950abe5533) Importer(2089858483,b0f066a214c2f5e87bad3c948f4d605d)
Start importing Assets/unity-chan!/Unity-chan! Model/Audio/Voice/univ1051.wav using Guid(df5abc14478b84a4d85195950abe5533) Importer(2089858483,b0f066a214c2f5e87bad3c948f4d605d) (ScriptedImporter) -> (artifact id: 'aa243425fd6b7b6111ead066976d5779') in 0.0325347 seconds
Number of updated asset objects reloaded before import = 0Number of asset objects unloaded after import = 1

========================================================================
Received Import Request.
  Time since last request: 0.000017 seconds.
  path: Assets/unity-chan!/Unity-chan! Model/Audio/Voice/univ1009.wav
  artifactKey: Guid(95fd24e8209c14421bb395be7fd2b940) Importer(2089858483,b0f066a214c2f5e87bad3c948f4d605d)
Start importing Assets/unity-chan!/Unity-chan! Model/Audio/Voice/univ1009.wav using Guid(95fd24e8209c14421bb395be7fd2b940) Importer(2089858483,b0f066a214c2f5e87bad3c948f4d605d) (ScriptedImporter) -> (artifact id: '83cd5c2b065ee9f61d0a3c97455c746a') in 0.0258398 seconds
Number of updated asset objects reloaded before import = 0Number of asset objects unloaded after import = 1

========================================================================
Received Import Request.
  Time since last request: 0.000021 seconds.
  path: Assets/unity-chan!/Unity-chan! Model/Audio/Voice/univ1166.wav
  artifactKey: Guid(02752a2026d1341e0964cb1f585a0c3e) Importer(2089858483,b0f066a214c2f5e87bad3c948f4d605d)
Start importing Assets/unity-chan!/Unity-chan! Model/Audio/Voice/univ1166.wav using Guid(02752a2026d1341e0964cb1f585a0c3e) Importer(2089858483,b0f066a214c2f5e87bad3c948f4d605d) (ScriptedImporter) -> (artifact id: 'fa4c72a009f3ab3cd1c4842617a0bdea') in 0.0288098 seconds
Number of updated asset objects reloaded before import = 0Number of asset objects unloaded after import = 1

========================================================================
Received Import Request.
  Time since last request: 0.000043 seconds.
  path: Assets/unity-chan!/Unity-chan! Model/Art/UnityChanShader/Materials/face.mat
  artifactKey: Guid(cb35fb92776d24a65827b1d3ab18fe60) Importer(2089858483,b0f066a214c2f5e87bad3c948f4d605d)
Start importing Assets/unity-chan!/Unity-chan! Model/Art/UnityChanShader/Materials/face.mat using Guid(cb35fb92776d24a65827b1d3ab18fe60) Importer(2089858483,b0f066a214c2f5e87bad3c948f4d605d) (ScriptedImporter) -> (artifact id: '2a87b566456e547a0fd5431c1cad7ac1') in 0.0260005 seconds
Number of updated asset objects reloaded before import = 0Number of asset objects unloaded after import = 4

========================================================================
Received Import Request.
  Time since last request: 0.000026 seconds.
  path: Assets/unity-chan!/Unity-chan! Model/Audio/Voice/univ1046.wav
  artifactKey: Guid(96bf8a64a8a9143f89246c5222df54ba) Importer(2089858483,b0f066a214c2f5e87bad3c948f4d605d)
Start importing Assets/unity-chan!/Unity-chan! Model/Audio/Voice/univ1046.wav using Guid(96bf8a64a8a9143f89246c5222df54ba) Importer(2089858483,b0f066a214c2f5e87bad3c948f4d605d) (ScriptedImporter) -> (artifact id: '9edcb83750e84cca568991c7727f4ba8') in 0.0276415 seconds
Number of updated asset objects reloaded before import = 0Number of asset objects unloaded after import = 1

========================================================================
Received Import Request.
  Time since last request: 0.000017 seconds.
  path: Assets/unity-chan!/Unity-chan! Model/Audio/Voice/univ1151.wav
  artifactKey: Guid(d2d3ebeeaa2564a2fa5228a7df702bec) Importer(2089858483,b0f066a214c2f5e87bad3c948f4d605d)
Start importing Assets/unity-chan!/Unity-chan! Model/Audio/Voice/univ1151.wav using Guid(d2d3ebeeaa2564a2fa5228a7df702bec) Importer(2089858483,b0f066a214c2f5e87bad3c948f4d605d) (ScriptedImporter) -> (artifact id: '40033ee08399a7a61cdfd26f874169f6') in 0.0333217 seconds
Number of updated asset objects reloaded before import = 0Number of asset objects unloaded after import = 1

========================================================================
Received Import Request.
  Time since last request: 0.000019 seconds.
  path: Assets/unity-chan!/Unity-chan! Model/Audio/Voice/univ1200.wav
  artifactKey: Guid(4c3f4f4db01c44f7986dc8f7a3072b6c) Importer(2089858483,b0f066a214c2f5e87bad3c948f4d605d)
Start importing Assets/unity-chan!/Unity-chan! Model/Audio/Voice/univ1200.wav using Guid(4c3f4f4db01c44f7986dc8f7a3072b6c) Importer(2089858483,b0f066a214c2f5e87bad3c948f4d605d) (ScriptedImporter) -> (artifact id: 'a5d2697772d7055cded1bab0b5fd67fa') in 0.0254291 seconds
Number of updated asset objects reloaded before import = 0Number of asset objects unloaded after import = 1

========================================================================
Received Import Request.
  Time since last request: 0.000036 seconds.
  path: Assets/unity-chan!/Unity-chan! Model/Audio/Voice/univ1150.wav
  artifactKey: Guid(4083475e71a304b76b4c39b72378c4d7) Importer(2089858483,b0f066a214c2f5e87bad3c948f4d605d)
Start importing Assets/unity-chan!/Unity-chan! Model/Audio/Voice/univ1150.wav using Guid(4083475e71a304b76b4c39b72378c4d7) Importer(2089858483,b0f066a214c2f5e87bad3c948f4d605d) (ScriptedImporter) -> (artifact id: 'e893763f4ea9f1329b112d62a4147b1c') in 0.0286706 seconds
Number of updated asset objects reloaded before import = 0Number of asset objects unloaded after import = 1

========================================================================
Received Import Request.
  Time since last request: 0.000020 seconds.
  path: Assets/unity-chan!/Unity-chan! Model/Audio/Voice/univ1161.wav
  artifactKey: Guid(7ec751277255042eb81aca3d43df0c68) Importer(2089858483,b0f066a214c2f5e87bad3c948f4d605d)
Start importing Assets/unity-chan!/Unity-chan! Model/Audio/Voice/univ1161.wav using Guid(7ec751277255042eb81aca3d43df0c68) Importer(2089858483,b0f066a214c2f5e87bad3c948f4d605d) (ScriptedImporter) -> (artifact id: 'c58e8aa5ffcbdf356c419e44ad918d7c') in 0.0321618 seconds
Number of updated asset objects reloaded before import = 0Number of asset objects unloaded after import = 1

========================================================================
Received Import Request.
  Time since last request: 0.000024 seconds.
  path: Assets/unity-chan!/Unity-chan! Model/Art/Animations/unitychan_WAIT01.fbx
  artifactKey: Guid(1e79f5e733df84044a45d6ab05035627) Importer(2089858483,b0f066a214c2f5e87bad3c948f4d605d)
Start importing Assets/unity-chan!/Unity-chan! Model/Art/Animations/unitychan_WAIT01.fbx using Guid(1e79f5e733df84044a45d6ab05035627) Importer(2089858483,b0f066a214c2f5e87bad3c948f4d605d) (ScriptedImporter) -> (artifact id: '7c7b3deb988f757aa41fe5ef636463f0') in 0.0426489 seconds
Number of updated asset objects reloaded before import = 0Number of asset objects unloaded after import = 325

========================================================================
Received Import Request.
  Time since last request: 0.000022 seconds.
  path: Assets/unity-chan!/Unity-chan! Model/Art/UnityChanShader/Texture/body_01_NRM.tga
  artifactKey: Guid(3a3c0acc807e9264ca0b32602a928a9a) Importer(2089858483,b0f066a214c2f5e87bad3c948f4d605d)
Start importing Assets/unity-chan!/Unity-chan! Model/Art/UnityChanShader/Texture/body_01_NRM.tga using Guid(3a3c0acc807e9264ca0b32602a928a9a) Importer(2089858483,b0f066a214c2f5e87bad3c948f4d605d) (ScriptedImporter) -> (artifact id: 'c5fbdbdebc60b8b9118500d3649451f1') in 0.0186833 seconds
Number of updated asset objects reloaded before import = 0Number of asset objects unloaded after import = 1

========================================================================
Received Import Request.
  Time since last request: 0.000027 seconds.
  path: Assets/unity-chan!/Unity-chan! Model/Audio/Voice/univ1049.wav
  artifactKey: Guid(61e231e4dc4ed4ea59ebc0338bb2d7be) Importer(2089858483,b0f066a214c2f5e87bad3c948f4d605d)
Start importing Assets/unity-chan!/Unity-chan! Model/Audio/Voice/univ1049.wav using Guid(61e231e4dc4ed4ea59ebc0338bb2d7be) Importer(2089858483,b0f066a214c2f5e87bad3c948f4d605d) (ScriptedImporter) -> (artifact id: 'a90ffd3bc3d05103b1f29092ef0feab1') in 0.0322665 seconds
Number of updated asset objects reloaded before import = 0Number of asset objects unloaded after import = 1

========================================================================
Received Import Request.
  Time since last request: 0.000023 seconds.
  path: Assets/unity-chan!/Unity-chan! Model/Art/Stage/Shader
  artifactKey: Guid(f719c1e72e651404aab90553454007d2) Importer(2089858483,b0f066a214c2f5e87bad3c948f4d605d)
Start importing Assets/unity-chan!/Unity-chan! Model/Art/Stage/Shader using Guid(f719c1e72e651404aab90553454007d2) Importer(2089858483,b0f066a214c2f5e87bad3c948f4d605d) (ScriptedImporter) -> (artifact id: '51a496caf14dbbff207fb0255ce1d80b') in 0.013671 seconds
Number of updated asset objects reloaded before import = 0Number of asset objects unloaded after import = 1

========================================================================
Received Import Request.
  Time since last request: 0.000034 seconds.
  path: Assets/unity-chan!/Unity-chan! Model/Audio/Voice/univ1250.wav
  artifactKey: Guid(58e4dfe1843e4456491d5b19a0aa4988) Importer(2089858483,b0f066a214c2f5e87bad3c948f4d605d)
Start importing Assets/unity-chan!/Unity-chan! Model/Audio/Voice/univ1250.wav using Guid(58e4dfe1843e4456491d5b19a0aa4988) Importer(2089858483,b0f066a214c2f5e87bad3c948f4d605d) (ScriptedImporter) -> (artifact id: '1985ccbf2bd0ae85beccc7c294365c29') in 0.0257392 seconds
Number of updated asset objects reloaded before import = 0Number of asset objects unloaded after import = 1

========================================================================
Received Import Request.
  Time since last request: 0.000017 seconds.
  path: Assets/unity-chan!/Unity-chan! Model/Art/Materials/eyebase.mat
  artifactKey: Guid(9bec51fc47eda6047ba5cc01addbf46f) Importer(2089858483,b0f066a214c2f5e87bad3c948f4d605d)
Start importing Assets/unity-chan!/Unity-chan! Model/Art/Materials/eyebase.mat using Guid(9bec51fc47eda6047ba5cc01addbf46f) Importer(2089858483,b0f066a214c2f5e87bad3c948f4d605d) (ScriptedImporter) -> (artifact id: '48c7f7d72fd731139f37147e5d88fa4f') in 0.0157347 seconds
Number of updated asset objects reloaded before import = 0Number of asset objects unloaded after import = 4

========================================================================
Received Import Request.
  Time since last request: 0.000024 seconds.
  path: Assets/unity-chan!/Unity-chan! Model/Audio/Voice/univ1056.wav
  artifactKey: Guid(c61a0e3b19b8243ee94b855392f15b66) Importer(2089858483,b0f066a214c2f5e87bad3c948f4d605d)
Start importing Assets/unity-chan!/Unity-chan! Model/Audio/Voice/univ1056.wav using Guid(c61a0e3b19b8243ee94b855392f15b66) Importer(2089858483,b0f066a214c2f5e87bad3c948f4d605d) (ScriptedImporter) -> (artifact id: 'd0f13db70a273e011de965c35e9ca078') in 0.0273532 seconds
Number of updated asset objects reloaded before import = 0Number of asset objects unloaded after import = 1

========================================================================
Received Import Request.
  Time since last request: 0.000036 seconds.
  path: Assets/unity-chan!/Unity-chan! Model/Scripts/AutoBlink.cs
  artifactKey: Guid(0a6149a22cf8a47a192a60b00b3becb3) Importer(2089858483,b0f066a214c2f5e87bad3c948f4d605d)
Start importing Assets/unity-chan!/Unity-chan! Model/Scripts/AutoBlink.cs using Guid(0a6149a22cf8a47a192a60b00b3becb3) Importer(2089858483,b0f066a214c2f5e87bad3c948f4d605d) (ScriptedImporter) -> (artifact id: 'a9027d44ad07b5771d9561704f9a529e') in 0.0143162 seconds
Number of updated asset objects reloaded before import = 0Number of asset objects unloaded after import = 0

========================================================================
Received Import Request.
  Time since last request: 0.000018 seconds.
  path: Assets/unity-chan!/Unity-chan! Model/Scripts/ThirdPersonCamera.cs
  artifactKey: Guid(bd9604897707c4879978b864a8be4d39) Importer(2089858483,b0f066a214c2f5e87bad3c948f4d605d)
Start importing Assets/unity-chan!/Unity-chan! Model/Scripts/ThirdPersonCamera.cs using Guid(bd9604897707c4879978b864a8be4d39) Importer(2089858483,b0f066a214c2f5e87bad3c948f4d605d) (ScriptedImporter) -> (artifact id: '867c271ccee7953d0fa884269cd0dd1d') in 0.0133861 seconds
Number of updated asset objects reloaded before import = 0Number of asset objects unloaded after import = 0

========================================================================
Received Import Request.
  Time since last request: 0.000017 seconds.
  path: Assets/unity-chan!/Unity-chan! Model/Audio/Voice/univ1047.wav
  artifactKey: Guid(ea1a3de72e0474bbfb22357be75fa443) Importer(2089858483,b0f066a214c2f5e87bad3c948f4d605d)
Start importing Assets/unity-chan!/Unity-chan! Model/Audio/Voice/univ1047.wav using Guid(ea1a3de72e0474bbfb22357be75fa443) Importer(2089858483,b0f066a214c2f5e87bad3c948f4d605d) (ScriptedImporter) -> (artifact id: '96ebd16c3d4c65fa6cacb4d30c00135c') in 0.0280178 seconds
Number of updated asset objects reloaded before import = 0Number of asset objects unloaded after import = 1

========================================================================
Received Import Request.
  Time since last request: 0.000024 seconds.
  path: Assets/unity-chan!/Unity-chan! Model/Art/Stage/Shader/AlphaMask.shader
  artifactKey: Guid(9da2031a78926d0489f6bdcbf31ffa53) Importer(2089858483,b0f066a214c2f5e87bad3c948f4d605d)
Start importing Assets/unity-chan!/Unity-chan! Model/Art/Stage/Shader/AlphaMask.shader using Guid(9da2031a78926d0489f6bdcbf31ffa53) Importer(2089858483,b0f066a214c2f5e87bad3c948f4d605d) (ScriptedImporter) -> (artifact id: '4b9f8652561d97faff53a0bedd922a55') in 0.0161929 seconds
Number of updated asset objects reloaded before import = 0Number of asset objects unloaded after import = 1

========================================================================
Received Import Request.
  Time since last request: 0.000021 seconds.
  path: Assets/unity-chan!/Unity-chan! Model/Audio/Voice/univ1001.wav
  artifactKey: Guid(c24b7e715582b4ccba37bbb827676c06) Importer(2089858483,b0f066a214c2f5e87bad3c948f4d605d)
Start importing Assets/unity-chan!/Unity-chan! Model/Audio/Voice/univ1001.wav using Guid(c24b7e715582b4ccba37bbb827676c06) Importer(2089858483,b0f066a214c2f5e87bad3c948f4d605d) (ScriptedImporter) -> (artifact id: '7531a13a6d0b279c372cab10637c7ec2') in 0.0288491 seconds
Number of updated asset objects reloaded before import = 0Number of asset objects unloaded after import = 1

========================================================================
Received Import Request.
  Time since last request: 0.000027 seconds.
  path: Assets/unity-chan!/Unity-chan! Model/Audio/Voice/univ1230.wav
  artifactKey: Guid(e0d458a6e98644678aee0f0bc8c334aa) Importer(2089858483,b0f066a214c2f5e87bad3c948f4d605d)
Start importing Assets/unity-chan!/Unity-chan! Model/Audio/Voice/univ1230.wav using Guid(e0d458a6e98644678aee0f0bc8c334aa) Importer(2089858483,b0f066a214c2f5e87bad3c948f4d605d) (ScriptedImporter) -> (artifact id: '2cf4cf15e0f0c1603a7be33191e1be44') in 0.0307943 seconds
Number of updated asset objects reloaded before import = 0Number of asset objects unloaded after import = 1

========================================================================
Received Import Request.
  Time since last request: 0.000028 seconds.
  path: Assets/unity-chan!/Unity-chan! Model/Scripts
  artifactKey: Guid(bcd7a07ee4a0c614a93bc492b082f7a3) Importer(2089858483,b0f066a214c2f5e87bad3c948f4d605d)
Start importing Assets/unity-chan!/Unity-chan! Model/Scripts using Guid(bcd7a07ee4a0c614a93bc492b082f7a3) Importer(2089858483,b0f066a214c2f5e87bad3c948f4d605d) (ScriptedImporter) -> (artifact id: '9460514a97ce1169c382db9acb02b95e') in 0.0119936 seconds
Number of updated asset objects reloaded before import = 0Number of asset objects unloaded after import = 1

========================================================================
Received Import Request.
  Time since last request: 0.000017 seconds.
  path: Assets/unity-chan!/Unity-chan! Model/Audio/Voice/univ0016.wav
  artifactKey: Guid(2c5aeebe156824017b25a8133a705d4f) Importer(2089858483,b0f066a214c2f5e87bad3c948f4d605d)
Start importing Assets/unity-chan!/Unity-chan! Model/Audio/Voice/univ0016.wav using Guid(2c5aeebe156824017b25a8133a705d4f) Importer(2089858483,b0f066a214c2f5e87bad3c948f4d605d) (ScriptedImporter) -> (artifact id: '95bcdc6864b2458f9c564e5e62626c32') in 0.0302854 seconds
Number of updated asset objects reloaded before import = 0Number of asset objects unloaded after import = 1

========================================================================
Received Import Request.
  Time since last request: 0.000035 seconds.
  path: Assets/unity-chan!/Unity-chan! Model/Audio/Voice/univ1218.wav
  artifactKey: Guid(33efb526ba80749b1bd33f32186a3a1e) Importer(2089858483,b0f066a214c2f5e87bad3c948f4d605d)
Start importing Assets/unity-chan!/Unity-chan! Model/Audio/Voice/univ1218.wav using Guid(33efb526ba80749b1bd33f32186a3a1e) Importer(2089858483,b0f066a214c2f5e87bad3c948f4d605d) (ScriptedImporter) -> (artifact id: 'f6e4de050783a3f750c41b51c492cecd') in 0.0287303 seconds
Number of updated asset objects reloaded before import = 0Number of asset objects unloaded after import = 1

========================================================================
Received Import Request.
  Time since last request: 0.000024 seconds.
  path: Assets/unity-chan!/Unity-chan! Model/Audio/Voice/univ1004.wav
  artifactKey: Guid(5f495037948cf49269a56b62f7b9e8e0) Importer(2089858483,b0f066a214c2f5e87bad3c948f4d605d)
Start importing Assets/unity-chan!/Unity-chan! Model/Audio/Voice/univ1004.wav using Guid(5f495037948cf49269a56b62f7b9e8e0) Importer(2089858483,b0f066a214c2f5e87bad3c948f4d605d) (ScriptedImporter) -> (artifact id: '7bc2ca36ad297d50e02e6fc70c59e8fe') in 0.0261776 seconds
Number of updated asset objects reloaded before import = 0Number of asset objects unloaded after import = 1

========================================================================
Received Import Request.
  Time since last request: 0.000032 seconds.
  path: Assets/unity-chan!/Unity-chan! Model/Audio/Voice/univ1276.wav
  artifactKey: Guid(78088877925ce416590c4cb16c0b9026) Importer(2089858483,b0f066a214c2f5e87bad3c948f4d605d)
Start importing Assets/unity-chan!/Unity-chan! Model/Audio/Voice/univ1276.wav using Guid(78088877925ce416590c4cb16c0b9026) Importer(2089858483,b0f066a214c2f5e87bad3c948f4d605d) (ScriptedImporter) -> (artifact id: '5abcac9e218182eaa7a5480837e8c817') in 0.0292824 seconds
Number of updated asset objects reloaded before import = 0Number of asset objects unloaded after import = 1

========================================================================
Received Import Request.
  Time since last request: 0.000018 seconds.
  path: Assets/unity-chan!/Unity-chan! Model/Art/Animations/unitychan_DAMAGED01.fbx
  artifactKey: Guid(c895dff4365ad4506ab680fdc4a0afb8) Importer(2089858483,b0f066a214c2f5e87bad3c948f4d605d)
Start importing Assets/unity-chan!/Unity-chan! Model/Art/Animations/unitychan_DAMAGED01.fbx using Guid(c895dff4365ad4506ab680fdc4a0afb8) Importer(2089858483,b0f066a214c2f5e87bad3c948f4d605d) (ScriptedImporter) -> (artifact id: '283cf96e2b084757600cc81cc6177157') in 0.037004 seconds
Number of updated asset objects reloaded before import = 0Number of asset objects unloaded after import = 325

========================================================================
Received Import Request.
  Time since last request: 0.000021 seconds.
  path: Assets/unity-chan!/Unity-chan! Model/Audio/Voice/univ1005.wav
  artifactKey: Guid(490eecf3cd0714f8da701bc8b61f92e8) Importer(2089858483,b0f066a214c2f5e87bad3c948f4d605d)
Start importing Assets/unity-chan!/Unity-chan! Model/Audio/Voice/univ1005.wav using Guid(490eecf3cd0714f8da701bc8b61f92e8) Importer(2089858483,b0f066a214c2f5e87bad3c948f4d605d) (ScriptedImporter) -> (artifact id: 'b98b4777f4f4aaed512a4c0dd0c67819') in 0.0377311 seconds
Number of updated asset objects reloaded before import = 0Number of asset objects unloaded after import = 1

========================================================================
Received Import Request.
  Time since last request: 0.000023 seconds.
  path: Assets/unity-chan!/Unity-chan! Model/Audio/Voice/univ1214.wav
  artifactKey: Guid(83d0f0f2a99f2486ea491ff2d81b72ff) Importer(2089858483,b0f066a214c2f5e87bad3c948f4d605d)
Start importing Assets/unity-chan!/Unity-chan! Model/Audio/Voice/univ1214.wav using Guid(83d0f0f2a99f2486ea491ff2d81b72ff) Importer(2089858483,b0f066a214c2f5e87bad3c948f4d605d) (ScriptedImporter) -> (artifact id: 'eb070fa0b7eb3a798c9c4e291670e986') in 0.0274514 seconds
Number of updated asset objects reloaded before import = 0Number of asset objects unloaded after import = 1

========================================================================
Received Import Request.
  Time since last request: 0.000037 seconds.
  path: Assets/unity-chan!/Unity-chan! Model/Audio/Voice/univ1188.wav
  artifactKey: Guid(b7edbce831e0746e8ae836d2f1f1cd0a) Importer(2089858483,b0f066a214c2f5e87bad3c948f4d605d)
Start importing Assets/unity-chan!/Unity-chan! Model/Audio/Voice/univ1188.wav using Guid(b7edbce831e0746e8ae836d2f1f1cd0a) Importer(2089858483,b0f066a214c2f5e87bad3c948f4d605d) (ScriptedImporter) -> (artifact id: 'ed69bed3fca92cab6a1fec878079ddf2') in 0.0265755 seconds
Number of updated asset objects reloaded before import = 0Number of asset objects unloaded after import = 1

========================================================================
Received Import Request.
  Time since last request: 0.000020 seconds.
  path: Assets/unity-chan!/Unity-chan! Model
  artifactKey: Guid(6395fe2434a22ef41b83186b290f8fab) Importer(2089858483,b0f066a214c2f5e87bad3c948f4d605d)
Start importing Assets/unity-chan!/Unity-chan! Model using Guid(6395fe2434a22ef41b83186b290f8fab) Importer(2089858483,b0f066a214c2f5e87bad3c948f4d605d) (ScriptedImporter) -> (artifact id: 'f9b5524229c53993da01436d93597504') in 0.0136567 seconds
Number of updated asset objects reloaded before import = 0Number of asset objects unloaded after import = 1

========================================================================
Received Import Request.
  Time since last request: 0.000021 seconds.
  path: Assets/unity-chan!/Unity-chan! Model/Audio/Voice/univ1281.wav
  artifactKey: Guid(fd657949a63b94144b709e5aeb23a03d) Importer(2089858483,b0f066a214c2f5e87bad3c948f4d605d)
Start importing Assets/unity-chan!/Unity-chan! Model/Audio/Voice/univ1281.wav using Guid(fd657949a63b94144b709e5aeb23a03d) Importer(2089858483,b0f066a214c2f5e87bad3c948f4d605d) (ScriptedImporter) -> (artifact id: '589a409f3a7e2f21f4d834622e4b78a8') in 0.0286564 seconds
Number of updated asset objects reloaded before import = 0Number of asset objects unloaded after import = 1

========================================================================
Received Import Request.
  Time since last request: 0.000017 seconds.
  path: Assets/unity-chan!/Unity-chan! Model/Prefabs/for Locomotion
  artifactKey: Guid(9aeff261260b248328b8ce74346dc8fd) Importer(2089858483,b0f066a214c2f5e87bad3c948f4d605d)
Start importing Assets/unity-chan!/Unity-chan! Model/Prefabs/for Locomotion using Guid(9aeff261260b248328b8ce74346dc8fd) Importer(2089858483,b0f066a214c2f5e87bad3c948f4d605d) (ScriptedImporter) -> (artifact id: '1e87a58e889f465d5e7d9e444a7d2f1a') in 0.0118976 seconds
Number of updated asset objects reloaded before import = 0Number of asset objects unloaded after import = 1

========================================================================
Received Import Request.
  Time since last request: 0.000027 seconds.
  path: Assets/unity-chan!/Unity-chan! Model/Prefabs/for Locomotion/JumpPos.prefab
  artifactKey: Guid(2801f2532c4364c8696fc1dc3b4c6a1a) Importer(2089858483,b0f066a214c2f5e87bad3c948f4d605d)
Start importing Assets/unity-chan!/Unity-chan! Model/Prefabs/for Locomotion/JumpPos.prefab using Guid(2801f2532c4364c8696fc1dc3b4c6a1a) Importer(2089858483,b0f066a214c2f5e87bad3c948f4d605d) (ScriptedImporter) -> (artifact id: '9605440d77defb36daa47c566b530c77') in 0.0139507 seconds
Number of updated asset objects reloaded before import = 0Number of asset objects unloaded after import = 4

========================================================================
Received Import Request.
  Time since last request: 0.000031 seconds.
  path: Assets/unity-chan!/Unity-chan! Model/Audio/Voice/univ0026.wav
  artifactKey: Guid(947cd1d02855e4e8ab6118488a12ec4d) Importer(2089858483,b0f066a214c2f5e87bad3c948f4d605d)
Start importing Assets/unity-chan!/Unity-chan! Model/Audio/Voice/univ0026.wav using Guid(947cd1d02855e4e8ab6118488a12ec4d) Importer(2089858483,b0f066a214c2f5e87bad3c948f4d605d) (ScriptedImporter) -> (artifact id: 'a4ac341c1f22d579a67f795c56cd9767') in 0.0270302 seconds
Number of updated asset objects reloaded before import = 0Number of asset objects unloaded after import = 1

========================================================================
Received Import Request.
  Time since last request: 0.000018 seconds.
  path: Assets/unity-chan!/Unity-chan! Model/Audio/Voice/univ1340.wav
  artifactKey: Guid(51791f91b88ea494cbd397f882da7585) Importer(2089858483,b0f066a214c2f5e87bad3c948f4d605d)
Start importing Assets/unity-chan!/Unity-chan! Model/Audio/Voice/univ1340.wav using Guid(51791f91b88ea494cbd397f882da7585) Importer(2089858483,b0f066a214c2f5e87bad3c948f4d605d) (ScriptedImporter) -> (artifact id: '5e6234f70a24ddefb712da3b5d03d3f0') in 0.0265636 seconds
Number of updated asset objects reloaded before import = 0Number of asset objects unloaded after import = 1

========================================================================
Received Import Request.
  Time since last request: 0.000019 seconds.
  path: Assets/unity-chan!/Unity-chan! Model/Audio/Voice/univ1192.wav
  artifactKey: Guid(f0b1fb0fe3bab45ae8ccba56a4ac7256) Importer(2089858483,b0f066a214c2f5e87bad3c948f4d605d)
Start importing Assets/unity-chan!/Unity-chan! Model/Audio/Voice/univ1192.wav using Guid(f0b1fb0fe3bab45ae8ccba56a4ac7256) Importer(2089858483,b0f066a214c2f5e87bad3c948f4d605d) (ScriptedImporter) -> (artifact id: 'b331f2b6ab00d946869c15103a52db57') in 0.0245924 seconds
Number of updated asset objects reloaded before import = 0Number of asset objects unloaded after import = 1

========================================================================
Received Import Request.
  Time since last request: 0.000021 seconds.
  path: Assets/unity-chan!/Unity-chan! Model/Audio/Voice/univ1221.wav
  artifactKey: Guid(ac5dabcc81e0144f9803277f71087554) Importer(2089858483,b0f066a214c2f5e87bad3c948f4d605d)
Start importing Assets/unity-chan!/Unity-chan! Model/Audio/Voice/univ1221.wav using Guid(ac5dabcc81e0144f9803277f71087554) Importer(2089858483,b0f066a214c2f5e87bad3c948f4d605d) (ScriptedImporter) -> (artifact id: '8399b16129be24979c8e04bc9e036265') in 0.0271234 seconds
Number of updated asset objects reloaded before import = 0Number of asset objects unloaded after import = 1

========================================================================
Received Import Request.
  Time since last request: 0.000031 seconds.
  path: Assets/unity-chan!/Unity-chan! Model/Audio/Voice/univ0027.wav
  artifactKey: Guid(39c15a2c77273494b9b02b228371d87b) Importer(2089858483,b0f066a214c2f5e87bad3c948f4d605d)
Start importing Assets/unity-chan!/Unity-chan! Model/Audio/Voice/univ0027.wav using Guid(39c15a2c77273494b9b02b228371d87b) Importer(2089858483,b0f066a214c2f5e87bad3c948f4d605d) (ScriptedImporter) -> (artifact id: 'e760b7ba734cdd99fefae10cc740dcd6') in 0.0231123 seconds
Number of updated asset objects reloaded before import = 0Number of asset objects unloaded after import = 1

========================================================================
Received Import Request.
  Time since last request: 0.000017 seconds.
  path: Assets/unity-chan!/Unity-chan! Model/Audio/Voice/univ1227.wav
  artifactKey: Guid(460213ea8954a4e558d576a727d35c42) Importer(2089858483,b0f066a214c2f5e87bad3c948f4d605d)
Start importing Assets/unity-chan!/Unity-chan! Model/Audio/Voice/univ1227.wav using Guid(460213ea8954a4e558d576a727d35c42) Importer(2089858483,b0f066a214c2f5e87bad3c948f4d605d) (ScriptedImporter) -> (artifact id: '586b887d3b6df30fc100394aeafa5eda') in 0.025814 seconds
Number of updated asset objects reloaded before import = 0Number of asset objects unloaded after import = 1

========================================================================
Received Import Request.
  Time since last request: 0.000018 seconds.
  path: Assets/unity-chan!/Unity-chan! Model/Audio/Voice/univ1307.wav
  artifactKey: Guid(38fcae0611a884e04bae248012bfd15e) Importer(2089858483,b0f066a214c2f5e87bad3c948f4d605d)
Start importing Assets/unity-chan!/Unity-chan! Model/Audio/Voice/univ1307.wav using Guid(38fcae0611a884e04bae248012bfd15e) Importer(2089858483,b0f066a214c2f5e87bad3c948f4d605d) (ScriptedImporter) -> (artifact id: 'cbfe1b89aa3593c3bcd1465a9e3b12fd') in 0.0282381 seconds
Number of updated asset objects reloaded before import = 0Number of asset objects unloaded after import = 1

========================================================================
Received Import Request.
  Time since last request: 0.000018 seconds.
  path: Assets/unity-chan!/Unity-chan! Model/Audio/Voice/univ0034.wav
  artifactKey: Guid(c035a7f37428c489999077c2be83e594) Importer(2089858483,b0f066a214c2f5e87bad3c948f4d605d)
Start importing Assets/unity-chan!/Unity-chan! Model/Audio/Voice/univ0034.wav using Guid(c035a7f37428c489999077c2be83e594) Importer(2089858483,b0f066a214c2f5e87bad3c948f4d605d) (ScriptedImporter) -> (artifact id: '77a17fcf8794b90cff0ebdd35d900be8') in 0.0266598 seconds
Number of updated asset objects reloaded before import = 0Number of asset objects unloaded after import = 1

========================================================================
Received Import Request.
  Time since last request: 0.000023 seconds.
  path: Assets/unity-chan!/Unity-chan! Model/Audio/Voice/univ0002.wav
  artifactKey: Guid(6ccbc3d284bd849d49fb1f8f94ab2888) Importer(2089858483,b0f066a214c2f5e87bad3c948f4d605d)
Start importing Assets/unity-chan!/Unity-chan! Model/Audio/Voice/univ0002.wav using Guid(6ccbc3d284bd849d49fb1f8f94ab2888) Importer(2089858483,b0f066a214c2f5e87bad3c948f4d605d) (ScriptedImporter) -> (artifact id: '35ac6830e94984be2951bc370d81d64d') in 0.0259185 seconds
Number of updated asset objects reloaded before import = 0Number of asset objects unloaded after import = 1

========================================================================
Received Import Request.
  Time since last request: 0.000033 seconds.
  path: Assets/unity-chan!/Unity-chan! Model/Art/Animations/unitychan_WAIT02.fbx
  artifactKey: Guid(e54e2e1fa0a994b389fe0654511fac47) Importer(2089858483,b0f066a214c2f5e87bad3c948f4d605d)
Start importing Assets/unity-chan!/Unity-chan! Model/Art/Animations/unitychan_WAIT02.fbx using Guid(e54e2e1fa0a994b389fe0654511fac47) Importer(2089858483,b0f066a214c2f5e87bad3c948f4d605d) (ScriptedImporter) -> (artifact id: '365ea9e4900e173dae33f0322bbd1550') in 0.0475996 seconds
Number of updated asset objects reloaded before import = 0Number of asset objects unloaded after import = 325

========================================================================
Received Import Request.
  Time since last request: 0.000018 seconds.
  path: Assets/unity-chan!/Unity-chan! Model/Art/Models/unitychan.fbx
  artifactKey: Guid(8f0565f23a2b58541a475bd3c1393052) Importer(2089858483,b0f066a214c2f5e87bad3c948f4d605d)
Start importing Assets/unity-chan!/Unity-chan! Model/Art/Models/unitychan.fbx using Guid(8f0565f23a2b58541a475bd3c1393052) Importer(2089858483,b0f066a214c2f5e87bad3c948f4d605d) (ScriptedImporter) -> (artifact id: 'd29e96c2285cd24d5bb10f58ee4ba300') in 0.0413209 seconds
Number of updated asset objects reloaded before import = 0Number of asset objects unloaded after import = 386

Editor requested this worker to shutdown with reason: Scaling down because of idle timeout
AssetImportWorker is now disconnected from the server
Process exiting
Exiting without the bug reporter. Application will terminate with return code 0