[Licensing::Module] Trying to connect to existing licensing client channel...
Built from '6000.3/staging' branch; Version is '6000.3.7f1 (696ec25a53d1) revision 6909634'; Using compiler version '194234433'; Build Type 'Release'
OS: 'Windows 11  (10.0.22621) Core' Language: 'en' Physical Memory: 15720 MB
BatchMode: 1, IsHumanControllingUs: 0, StartBugReporterOnCrash: 0, Is64bit: 1
[Licensing::IpcConnector] Successfully connected to: "LicenseClient-Huy" at "2026-02-26T21:01:46.1929375Z"
System  architecture: x64
Process architecture: x64
Date: 2026-02-26T21:01:46Z

COMMAND LINE ARGUMENTS:
C:\Program Files\Unity\Hub\Editor\6000.3.7f1\Editor\Unity.exe
-adb2
-batchMode
-noUpm
-name
AssetImportWorker1
-projectPath
C:/Users/Huy/VR_Project_1/VR_1
-logFile
Logs/AssetImportWorker1.log
-srvPort
57963
-licensingIpc
LicenseClient-Huy
-job-worker-count
7
-background-job-worker-count
8
-gc-helper-count
1
-name
AssetImport
Successfully changed project path to: C:/Users/Huy/VR_Project_1/VR_1
C:/Users/Huy/VR_Project_1/VR_1
[UnityMemory] Configuration Parameters - Can be set up in boot.config
    "memorysetup-temp-allocator-size-nav-mesh-worker=65536"
    "memorysetup-temp-allocator-size-audio-worker=65536"
    "memorysetup-temp-allocator-size-gfx=262144"
    "memorysetup-allocator-temp-initial-block-size-main=262144"
    "memorysetup-allocator-temp-initial-block-size-worker=262144"
    "memorysetup-temp-allocator-size-background-worker=32768"
    "memorysetup-temp-allocator-size-job-worker=262144"
    "memorysetup-temp-allocator-size-preload-manager=33554432"
    "memorysetup-temp-allocator-size-gi-baking-worker=262144"
    "memorysetup-temp-allocator-size-gi-baking-worker=262144"
    "memorysetup-temp-allocator-size-gi-baking-worker=262144"
    "memorysetup-temp-allocator-size-gi-baking-worker=262144"
    "memorysetup-temp-allocator-size-gi-baking-worker=262144"
    "memorysetup-bucket-allocator-granularity=16"
    "memorysetup-bucket-allocator-bucket-count=8"
    "memorysetup-bucket-allocator-block-size=33554432"
    "memorysetup-bucket-allocator-block-count=8"
    "memorysetup-main-allocator-block-size=16777216"
    "memorysetup-thread-allocator-block-size=16777216"
    "memorysetup-gfx-main-allocator-block-size=16777216"
    "memorysetup-gfx-thread-allocator-block-size=16777216"
    "memorysetup-cache-allocator-block-size=4194304"
    "memorysetup-typetree-allocator-block-size=2097152"
    "memorysetup-profiler-bucket-allocator-granularity=16"
    "memorysetup-profiler-bucket-allocator-bucket-count=8"
    "memorysetup-profiler-bucket-allocator-block-size=33554432"
    "memorysetup-profiler-bucket-allocator-block-count=8"
    "memorysetup-profiler-allocator-block-size=16777216"
    "memorysetup-profiler-editor-allocator-block-size=1048576"
    "memorysetup-temp-allocator-size-main=16777216"
    "memorysetup-job-temp-allocator-block-size=2097152"
    "memorysetup-job-temp-allocator-block-size-background=1048576"
    "memorysetup-job-temp-allocator-reduction-small-platforms=262144"
    "memorysetup-temp-allocator-size-cloud-worker=32768"
Player connection [25932]  Target information:

Player connection [25932]  * "[IP] 10.10.108.178 [Port] 0 [Flags] 2 [Guid] 2221384290 [EditorId] 2221384290 [Version] 1048832 [Id] WindowsEditor(7,DESKTOP-TFC479D) [Debug] 1 [PackageName] WindowsEditor [ProjectName] Editor" 

Player connection [25932] Host joined multi-casting on [225.0.0.222:54997]...
Player connection [25932] Host joined alternative multi-casting on [225.0.0.222:34997]...
JobSystem: Creating JobQueue using job-worker-count value 7
Input System module state changed to: Initialized.
[Physics::Module] Initialized fallback backend.
[Physics::Module] Id: 0xdecafbad
Library Redirect Path: Library/
[Physics::Module] Selected backend.
[Physics::Module] Name: PhysX
[Physics::Module] Id: 0xf2b8ea05
[Physics::Module] SDK Version: 4.1.2
[Physics::Module] Integration Version: 1.0.0
[Physics::Module] Threading Mode: Multi-Threaded
Refreshing native plugins compatible for Editor in 46.11 ms, found 6 plugins.
Preloading 2 native plugins for Editor in 2.96 ms.
Initialize engine version: 6000.3.7f1 (696ec25a53d1)
[Subsystems] Discovering subsystems at path C:/Program Files/Unity/Hub/Editor/6000.3.7f1/Editor/Data/Resources/UnitySubsystems
[Subsystems] Discovering subsystems at path C:/Users/Huy/VR_Project_1/VR_1/Assets
GfxDevice: creating device client; kGfxThreadingModeNonThreaded
Direct3D:
    Version:  Direct3D 11.0 [level 11.1]
    Renderer: NVIDIA GeForce RTX 3050 Ti Laptop GPU (ID=0x25a0)
    Vendor:   NVIDIA
    VRAM:     3962 MB
    Driver:   32.0.15.8132
Initialize mono
Mono path[0] = 'C:/Program Files/Unity/Hub/Editor/6000.3.7f1/Editor/Data/Managed'
Mono path[1] = 'C:/Program Files/Unity/Hub/Editor/6000.3.7f1/Editor/Data/MonoBleedingEdge/lib/mono/unityjit-win32'
Mono config path = 'C:/Program Files/Unity/Hub/Editor/6000.3.7f1/Editor/Data/MonoBleedingEdge/etc'
Using monoOptions --debugger-agent=transport=dt_socket,embedding=1,server=y,suspend=n,address=127.0.0.1:56044
Begin MonoManager ReloadAssembly
[Licensing::Client] Handshaking with LicensingClient:
  Version:                 1.17.4+4293ba1
  Session Id:              0be89dfa775e432f86f404c21a5d1781
  Correlation Id:          461a07af8c964f5848b39d6a12e99a94
  External correlation Id: 8371873276230880890
  Machine Id:              q6xk2LuWl63HV6xgbHtH6jDqas8=
[Licensing::Module] Successfully connected to LicensingClient on channel: "LicenseClient-Huy" (connect: 0.00s, validation: 0.00s, handshake: 1.06s)
[Licensing::IpcConnector] Successfully connected to: "LicenseClient-Huy-notifications" at "2026-02-26T21:01:47.2506715Z"
[Licensing::Module] Licensing Background thread has ended after 1.06s
Registering precompiled unity dll's ...
Register platform support module: C:/Program Files/Unity/Hub/Editor/6000.3.7f1/Editor/Data/PlaybackEngines/WebGLSupport/UnityEditor.WebGL.Extensions.dll
Register platform support module: C:/Program Files/Unity/Hub/Editor/6000.3.7f1/Editor/Data/PlaybackEngines/WindowsStandaloneSupport/UnityEditor.WindowsStandalone.Extensions.dll
Registered in 0.001955 seconds.
- Loaded All Assemblies, in  0.447 seconds
Native extension for WindowsStandalone target not found
Native extension for WebGL target not found
ScheduleIndexationOnStartup MainProcess:False IndexOnStartup:True
Mono: successfully reloaded assembly
- Finished resetting the current domain, in  0.478 seconds
Domain Reload Profiling: 923ms
	BeginReloadAssembly (157ms)
		ExecutionOrderSort (0ms)
		DisableScriptedObjects (0ms)
		BackupInstance (0ms)
		ReleaseScriptingObjects (0ms)
		CreateAndSetChildDomain (1ms)
	RebuildCommonClasses (45ms)
	RebuildNativeTypeToScriptingClass (13ms)
	initialDomainReloadingComplete (51ms)
	LoadAllAssembliesAndSetupDomain (179ms)
		LoadAssemblies (152ms)
		RebuildTransferFunctionScriptingTraits (0ms)
		AnalyzeDomain (175ms)
			TypeCache.Refresh (173ms)
				TypeCache.ScanAssembly (159ms)
			BuildScriptInfoCaches (0ms)
			ResolveRequiredComponents (0ms)
	FinalizeReload (478ms)
		ReleaseScriptCaches (0ms)
		RebuildScriptCaches (0ms)
		SetupLoadedEditorAssemblies (440ms)
			LogAssemblyErrors (0ms)
			InitializePlatformSupportModulesInManaged (57ms)
			SetLoadedEditorAssemblies (4ms)
			BeforeProcessingInitializeOnLoad (92ms)
			ProcessInitializeOnLoadAttributes (200ms)
			ProcessInitializeOnLoadMethodAttributes (87ms)
			AfterProcessingInitializeOnLoad (0ms)
			EditorAssembliesLoaded (0ms)
		ExecutionOrderSort2 (0ms)
		AwakeInstancesAfterBackupRestoration (0ms)
========================================================================
Worker process is ready to serve import requests
Import Worker Mode flag is 0x00
Begin MonoManager ReloadAssembly
[Licensing::Client] Successfully resolved entitlement details
[Licensing::Module] License group:
  Id: 2475930774804-UnityPersXXXX
  Product: Unity Personal
  Type: Assigned
  Expiration: Unlimited
Symbol file LoadedFromMemory is not a mono symbol file
- Loaded All Assemblies, in  0.976 seconds
Refreshing native plugins compatible for Editor in 6.30 ms, found 6 plugins.
Native extension for WindowsStandalone target not found
Native extension for WebGL target not found
Refreshing native plugins compatible for Editor in 474.52 ms, found 6 plugins.
Package Manager log level set to [2]
[Package Manager] Failed to launch server process. Reason: Unity was launched with the -noUpm command-line argument
[Package Manager] Unable to send message (not connected to server process).
[Package Manager] Cannot connect to Unity Package Manager local server
ScheduleIndexationOnStartup MainProcess:False IndexOnStartup:True
Mono: successfully reloaded assembly
- Finished resetting the current domain, in  4.165 seconds
Domain Reload Profiling: 5136ms
	BeginReloadAssembly (191ms)
		ExecutionOrderSort (0ms)
		DisableScriptedObjects (6ms)
		BackupInstance (0ms)
		ReleaseScriptingObjects (0ms)
		CreateAndSetChildDomain (39ms)
	RebuildCommonClasses (40ms)
	RebuildNativeTypeToScriptingClass (13ms)
	initialDomainReloadingComplete (44ms)
	LoadAllAssembliesAndSetupDomain (683ms)
		LoadAssemblies (465ms)
		RebuildTransferFunctionScriptingTraits (0ms)
		AnalyzeDomain (315ms)
			TypeCache.Refresh (219ms)
				TypeCache.ScanAssembly (200ms)
			BuildScriptInfoCaches (81ms)
			ResolveRequiredComponents (12ms)
	FinalizeReload (4165ms)
		ReleaseScriptCaches (0ms)
		RebuildScriptCaches (0ms)
		SetupLoadedEditorAssemblies (3937ms)
			LogAssemblyErrors (0ms)
			InitializePlatformSupportModulesInManaged (3ms)
			SetLoadedEditorAssemblies (6ms)
			BeforeProcessingInitializeOnLoad (199ms)
			ProcessInitializeOnLoadAttributes (915ms)
			ProcessInitializeOnLoadMethodAttributes (2803ms)
			AfterProcessingInitializeOnLoad (10ms)
			EditorAssembliesLoaded (1ms)
		ExecutionOrderSort2 (0ms)
		AwakeInstancesAfterBackupRestoration (9ms)
Launched and connected shader compiler UnityShaderCompiler.exe after 0.04 seconds
Refreshing native plugins compatible for Editor in 10.69 ms, found 6 plugins.
Preloading 2 native plugins for Editor in 0.15 ms.
Unloading 16 Unused Serialized files (Serialized files now loaded: 0)
Unloading 7410 unused Assets / (5.3 MB). Loaded Objects now: 8310.
Memory consumption went from 155.3 MB to 150.0 MB.
Total: 24.517900 ms (FindLiveObjects: 1.124300 ms CreateObjectMapping: 1.661800 ms MarkObjects: 16.195600 ms  DeleteObjects: 5.534300 ms)

========================================================================
Received Import Request.
  Time since last request: 717810.209450 seconds.
  path: Assets/Scenes/SampleScene.unity
  artifactKey: Guid(99c9720ab356a0642a771bea13969a05) Importer(2089858483,b0f066a214c2f5e87bad3c948f4d605d)
Start importing Assets/Scenes/SampleScene.unity using Guid(99c9720ab356a0642a771bea13969a05) Importer(2089858483,b0f066a214c2f5e87bad3c948f4d605d) (ScriptedImporter) -> (artifact id: '0e4fea8425bb708d8d9b04187cf1f342') in 0.0939192 seconds
Number of updated asset objects reloaded before import = 0Number of asset objects unloaded after import = 1

========================================================================
Received Import Request.
  Time since last request: 40.728688 seconds.
  path: Assets/JTS_Shrine_Torii_Gates/Textures/tex_torii_wood_ise_01.psd
  artifactKey: Guid(028ede06e03c071439ee2c817e9a16d4) Importer(2089858483,b0f066a214c2f5e87bad3c948f4d605d)
Start importing Assets/JTS_Shrine_Torii_Gates/Textures/tex_torii_wood_ise_01.psd using Guid(028ede06e03c071439ee2c817e9a16d4) Importer(2089858483,b0f066a214c2f5e87bad3c948f4d605d) (ScriptedImporter) -> (artifact id: '26829b94a53a69ee6e5a9a2a9d7fee63') in 0.0934002 seconds
Number of updated asset objects reloaded before import = 0Number of asset objects unloaded after import = 1

========================================================================
Received Import Request.
  Time since last request: 0.000024 seconds.
  path: Assets/JTS_Shrine_Torii_Gates/Mesh/Torii_Accessory_Sign07.fbx
  artifactKey: Guid(6f1721eb31aaed747b9c2db6531b84be) Importer(2089858483,b0f066a214c2f5e87bad3c948f4d605d)
Start importing Assets/JTS_Shrine_Torii_Gates/Mesh/Torii_Accessory_Sign07.fbx using Guid(6f1721eb31aaed747b9c2db6531b84be) Importer(2089858483,b0f066a214c2f5e87bad3c948f4d605d) (ScriptedImporter) -> (artifact id: '0b683cc985366d67f7cb124bcea06559') in 0.1149807 seconds
Number of updated asset objects reloaded before import = 0Number of asset objects unloaded after import = 7

========================================================================
Received Import Request.
  Time since last request: 0.000045 seconds.
  path: Assets/JTS_Shrine_Torii_Gates/Mesh/Torii_Sanno_Med1.fbx
  artifactKey: Guid(7c41ba6a0db98c04cbd474bf4e615200) Importer(2089858483,b0f066a214c2f5e87bad3c948f4d605d)
Start importing Assets/JTS_Shrine_Torii_Gates/Mesh/Torii_Sanno_Med1.fbx using Guid(7c41ba6a0db98c04cbd474bf4e615200) Importer(2089858483,b0f066a214c2f5e87bad3c948f4d605d) (ScriptedImporter) -> (artifact id: '6f88e5c89e572da041198de26c8850e9') in 0.0286471 seconds
Number of updated asset objects reloaded before import = 0Number of asset objects unloaded after import = 20

========================================================================
Received Import Request.
  Time since last request: 0.000030 seconds.
  path: Assets/JTS_Shrine_Torii_Gates/Prefabs/Torii_Ryoubu_Med1_LOD.prefab
  artifactKey: Guid(e541ff2b9e0d0a541acba1bff8983677) Importer(2089858483,b0f066a214c2f5e87bad3c948f4d605d)
Start importing Assets/JTS_Shrine_Torii_Gates/Prefabs/Torii_Ryoubu_Med1_LOD.prefab using Guid(e541ff2b9e0d0a541acba1bff8983677) Importer(2089858483,b0f066a214c2f5e87bad3c948f4d605d) (ScriptedImporter) -> (artifact id: '4a02ddbaa34562944233a5b545fe2e3b') in 0.0210145 seconds
Number of updated asset objects reloaded before import = 0Number of asset objects unloaded after import = 22

========================================================================
Received Import Request.
  Time since last request: 0.000024 seconds.
  path: Assets/JTS_Shrine_Torii_Gates/Materials/mat_torii_wood_misasagi_01.mat
  artifactKey: Guid(c042ddbf51f7e75408fbd85eb6664679) Importer(2089858483,b0f066a214c2f5e87bad3c948f4d605d)
Start importing Assets/JTS_Shrine_Torii_Gates/Materials/mat_torii_wood_misasagi_01.mat using Guid(c042ddbf51f7e75408fbd85eb6664679) Importer(2089858483,b0f066a214c2f5e87bad3c948f4d605d) (ScriptedImporter) -> (artifact id: '52c50ca271c3fd66befaa3477a23a3d5') in 0.0646275 seconds
Number of updated asset objects reloaded before import = 0Number of asset objects unloaded after import = 3

========================================================================
Received Import Request.
  Time since last request: 0.000035 seconds.
  path: Assets/JTS_Shrine_Torii_Gates/Prefabs/Torii_Mihashira_Med1_LOD.prefab
  artifactKey: Guid(80be6418c62cbdc478a1a27b903e0798) Importer(2089858483,b0f066a214c2f5e87bad3c948f4d605d)
Start importing Assets/JTS_Shrine_Torii_Gates/Prefabs/Torii_Mihashira_Med1_LOD.prefab using Guid(80be6418c62cbdc478a1a27b903e0798) Importer(2089858483,b0f066a214c2f5e87bad3c948f4d605d) (ScriptedImporter) -> (artifact id: '17005dcd4c4e33020e138aeaf7961c98') in 0.0196557 seconds
Number of updated asset objects reloaded before import = 0Number of asset objects unloaded after import = 22

========================================================================
Received Import Request.
  Time since last request: 0.000030 seconds.
  path: Assets/JTS_Shrine_Torii_Gates/Demo
  artifactKey: Guid(d1a1c992ca45f3f44af55790573ac895) Importer(2089858483,b0f066a214c2f5e87bad3c948f4d605d)
Start importing Assets/JTS_Shrine_Torii_Gates/Demo using Guid(d1a1c992ca45f3f44af55790573ac895) Importer(2089858483,b0f066a214c2f5e87bad3c948f4d605d) (ScriptedImporter) -> (artifact id: '5b77fd20c8bcbc36e8577142c435e47f') in 0.0150737 seconds
Number of updated asset objects reloaded before import = 0Number of asset objects unloaded after import = 1

========================================================================
Received Import Request.
  Time since last request: 0.000019 seconds.
  path: Assets/JTS_Shrine_Torii_Gates/Mesh/Torii_Accessory_Shimenawa1.fbx
  artifactKey: Guid(dcf64f087cc9ec64499059028f4de587) Importer(2089858483,b0f066a214c2f5e87bad3c948f4d605d)
Start importing Assets/JTS_Shrine_Torii_Gates/Mesh/Torii_Accessory_Shimenawa1.fbx using Guid(dcf64f087cc9ec64499059028f4de587) Importer(2089858483,b0f066a214c2f5e87bad3c948f4d605d) (ScriptedImporter) -> (artifact id: '2c31135f8a74f852b7ed82fb7ee7b8e3') in 0.0286627 seconds
Number of updated asset objects reloaded before import = 0Number of asset objects unloaded after import = 7

========================================================================
Received Import Request.
  Time since last request: 0.000051 seconds.
  path: Assets/JTS_Shrine_Torii_Gates/Textures/tex_torii_wood_ise_01_nrm.psd
  artifactKey: Guid(1d89e5914c870ca4ca5296c8f6779be2) Importer(2089858483,b0f066a214c2f5e87bad3c948f4d605d)
Start importing Assets/JTS_Shrine_Torii_Gates/Textures/tex_torii_wood_ise_01_nrm.psd using Guid(1d89e5914c870ca4ca5296c8f6779be2) Importer(2089858483,b0f066a214c2f5e87bad3c948f4d605d) (ScriptedImporter) -> (artifact id: '8ad116544f84f16dddf28ce2488eab1b') in 0.0338903 seconds
Number of updated asset objects reloaded before import = 0Number of asset objects unloaded after import = 1

========================================================================
Received Import Request.
  Time since last request: 0.000024 seconds.
  path: Assets/JTS_Shrine_Torii_Gates/Materials/mat_torii_accessory_01.mat
  artifactKey: Guid(ac48b6bc2bc0f91499d448c3ea5ed957) Importer(2089858483,b0f066a214c2f5e87bad3c948f4d605d)
Start importing Assets/JTS_Shrine_Torii_Gates/Materials/mat_torii_accessory_01.mat using Guid(ac48b6bc2bc0f91499d448c3ea5ed957) Importer(2089858483,b0f066a214c2f5e87bad3c948f4d605d) (ScriptedImporter) -> (artifact id: 'c74dc3e579a2fa0c15a075830633c6f9') in 0.058042 seconds
Number of updated asset objects reloaded before import = 0Number of asset objects unloaded after import = 4

========================================================================
Received Import Request.
  Time since last request: 0.000039 seconds.
  path: Assets/JTS_Shrine_Torii_Gates/Mesh/Torii_Misasagi_Med1.fbx
  artifactKey: Guid(81a016c70b596a74f8abbcdaf4705833) Importer(2089858483,b0f066a214c2f5e87bad3c948f4d605d)
Start importing Assets/JTS_Shrine_Torii_Gates/Mesh/Torii_Misasagi_Med1.fbx using Guid(81a016c70b596a74f8abbcdaf4705833) Importer(2089858483,b0f066a214c2f5e87bad3c948f4d605d) (ScriptedImporter) -> (artifact id: '74025da1f7739b90b13a38187439d83b') in 0.0163903 seconds
Number of updated asset objects reloaded before import = 0Number of asset objects unloaded after import = 15

========================================================================
Received Import Request.
  Time since last request: 0.000024 seconds.
  path: Assets/JTS_Shrine_Torii_Gates/Mesh/Torii_Inari_Large2.fbx
  artifactKey: Guid(d05fbf4a95eb53344a8915c3a28db2ff) Importer(2089858483,b0f066a214c2f5e87bad3c948f4d605d)
Start importing Assets/JTS_Shrine_Torii_Gates/Mesh/Torii_Inari_Large2.fbx using Guid(d05fbf4a95eb53344a8915c3a28db2ff) Importer(2089858483,b0f066a214c2f5e87bad3c948f4d605d) (ScriptedImporter) -> (artifact id: '681bfab97b630d2eb1a99ac874f0b582') in 0.0233693 seconds
Number of updated asset objects reloaded before import = 0Number of asset objects unloaded after import = 20

========================================================================
Received Import Request.
  Time since last request: 0.000022 seconds.
  path: Assets/JTS_Shrine_Torii_Gates/Prefabs
  artifactKey: Guid(dd4e9d50026cab54987710eb8490845f) Importer(2089858483,b0f066a214c2f5e87bad3c948f4d605d)
Start importing Assets/JTS_Shrine_Torii_Gates/Prefabs using Guid(dd4e9d50026cab54987710eb8490845f) Importer(2089858483,b0f066a214c2f5e87bad3c948f4d605d) (ScriptedImporter) -> (artifact id: '7eb4ef83e4fa167e2e3fc7bea644eb67') in 0.0146976 seconds
Number of updated asset objects reloaded before import = 0Number of asset objects unloaded after import = 1

========================================================================
Received Import Request.
  Time since last request: 0.000029 seconds.
  path: Assets/JTS_Shrine_Torii_Gates/_ReadMe.txt
  artifactKey: Guid(362352d4fa9b8614caa6f5ab74b925db) Importer(2089858483,b0f066a214c2f5e87bad3c948f4d605d)
Start importing Assets/JTS_Shrine_Torii_Gates/_ReadMe.txt using Guid(362352d4fa9b8614caa6f5ab74b925db) Importer(2089858483,b0f066a214c2f5e87bad3c948f4d605d) (ScriptedImporter) -> (artifact id: '4c5b401e33d3f85c593124e7921bd686') in 0.0169106 seconds
Number of updated asset objects reloaded before import = 0Number of asset objects unloaded after import = 1

========================================================================
Received Import Request.
  Time since last request: 0.000045 seconds.
  path: Assets/JTS_Shrine_Torii_Gates/Prefabs/Torii_Accessory_Shimenawa3_prefab.prefab
  artifactKey: Guid(21fda840d3513c74ca6e557ddb964179) Importer(2089858483,b0f066a214c2f5e87bad3c948f4d605d)
Start importing Assets/JTS_Shrine_Torii_Gates/Prefabs/Torii_Accessory_Shimenawa3_prefab.prefab using Guid(21fda840d3513c74ca6e557ddb964179) Importer(2089858483,b0f066a214c2f5e87bad3c948f4d605d) (ScriptedImporter) -> (artifact id: '9459a260329874e7c30b0098137b0dee') in 0.0218292 seconds
Number of updated asset objects reloaded before import = 0Number of asset objects unloaded after import = 8

========================================================================
Received Import Request.
  Time since last request: 0.000027 seconds.
  path: Assets/JTS_Shrine_Torii_Gates/Textures/tex_torii_wood_red_01_nrm.psd
  artifactKey: Guid(d8d3ee28f99e0a74ea7aa1728cc45f81) Importer(2089858483,b0f066a214c2f5e87bad3c948f4d605d)
Start importing Assets/JTS_Shrine_Torii_Gates/Textures/tex_torii_wood_red_01_nrm.psd using Guid(d8d3ee28f99e0a74ea7aa1728cc45f81) Importer(2089858483,b0f066a214c2f5e87bad3c948f4d605d) (ScriptedImporter) -> (artifact id: 'e2a319d6ce59d9f7a593a8d9a01cd9c3') in 0.0207012 seconds
Number of updated asset objects reloaded before import = 0Number of asset objects unloaded after import = 1

========================================================================
Received Import Request.
  Time since last request: 0.000024 seconds.
  path: Assets/JTS_Shrine_Torii_Gates/Prefabs/Torii_Accessory_Sign04_prefab.prefab
  artifactKey: Guid(1657a14b3027e7a43b322a487f1b2ff9) Importer(2089858483,b0f066a214c2f5e87bad3c948f4d605d)
Start importing Assets/JTS_Shrine_Torii_Gates/Prefabs/Torii_Accessory_Sign04_prefab.prefab using Guid(1657a14b3027e7a43b322a487f1b2ff9) Importer(2089858483,b0f066a214c2f5e87bad3c948f4d605d) (ScriptedImporter) -> (artifact id: 'f0843975fa94b671c0878d15a80cf8d6') in 0.02592 seconds
Number of updated asset objects reloaded before import = 0Number of asset objects unloaded after import = 10

========================================================================
Received Import Request.
  Time since last request: 0.000024 seconds.
  path: Assets/JTS_Shrine_Torii_Gates/Textures/tex_torii_wood_red_04.psd
  artifactKey: Guid(104d0a822508e714fad09c2c89d30340) Importer(2089858483,b0f066a214c2f5e87bad3c948f4d605d)
Start importing Assets/JTS_Shrine_Torii_Gates/Textures/tex_torii_wood_red_04.psd using Guid(104d0a822508e714fad09c2c89d30340) Importer(2089858483,b0f066a214c2f5e87bad3c948f4d605d) (ScriptedImporter) -> (artifact id: '5ba0212890e4646814f9b4f2d8181f42') in 0.02207 seconds
Number of updated asset objects reloaded before import = 0Number of asset objects unloaded after import = 1

========================================================================
Received Import Request.
  Time since last request: 0.000036 seconds.
  path: Assets/JTS_Shrine_Torii_Gates/Textures/tex_torii_wood_shinmei_01_nrm.psd
  artifactKey: Guid(2e29e8299ac50424d97883e8584bbb42) Importer(2089858483,b0f066a214c2f5e87bad3c948f4d605d)
Start importing Assets/JTS_Shrine_Torii_Gates/Textures/tex_torii_wood_shinmei_01_nrm.psd using Guid(2e29e8299ac50424d97883e8584bbb42) Importer(2089858483,b0f066a214c2f5e87bad3c948f4d605d) (ScriptedImporter) -> (artifact id: '6da2037b21d657aa546206b5ee61325e') in 0.0217183 seconds
Number of updated asset objects reloaded before import = 0Number of asset objects unloaded after import = 1

========================================================================
Received Import Request.
  Time since last request: 0.000024 seconds.
  path: Assets/JTS_Shrine_Torii_Gates/Materials/mat_torii_wood_red_02.mat
  artifactKey: Guid(ddfecf86425a42442b7021899354b7df) Importer(2089858483,b0f066a214c2f5e87bad3c948f4d605d)
Start importing Assets/JTS_Shrine_Torii_Gates/Materials/mat_torii_wood_red_02.mat using Guid(ddfecf86425a42442b7021899354b7df) Importer(2089858483,b0f066a214c2f5e87bad3c948f4d605d) (ScriptedImporter) -> (artifact id: '4ae41c422837f0f3c728a23405f6ff5d') in 0.0247227 seconds
Number of updated asset objects reloaded before import = 0Number of asset objects unloaded after import = 3

========================================================================
Received Import Request.
  Time since last request: 0.000027 seconds.
  path: Assets/JTS_Shrine_Torii_Gates/Prefabs/Torii_Inari_Med3_LOD.prefab
  artifactKey: Guid(6186550660df25b409110a081d38d931) Importer(2089858483,b0f066a214c2f5e87bad3c948f4d605d)
Start importing Assets/JTS_Shrine_Torii_Gates/Prefabs/Torii_Inari_Med3_LOD.prefab using Guid(6186550660df25b409110a081d38d931) Importer(2089858483,b0f066a214c2f5e87bad3c948f4d605d) (ScriptedImporter) -> (artifact id: '247cd2ffac51a8653b1414365ef2c06e') in 0.0176165 seconds
Number of updated asset objects reloaded before import = 0Number of asset objects unloaded after import = 22

========================================================================
Received Import Request.
  Time since last request: 0.000020 seconds.
  path: Assets/JTS_Shrine_Torii_Gates/Textures/tex_torii_stone_02.psd
  artifactKey: Guid(2105e2ccbdf2cd2418518e3ba8545079) Importer(2089858483,b0f066a214c2f5e87bad3c948f4d605d)
Start importing Assets/JTS_Shrine_Torii_Gates/Textures/tex_torii_stone_02.psd using Guid(2105e2ccbdf2cd2418518e3ba8545079) Importer(2089858483,b0f066a214c2f5e87bad3c948f4d605d) (ScriptedImporter) -> (artifact id: '3864143992f97e2fa0158321023416e2') in 0.0196023 seconds
Number of updated asset objects reloaded before import = 0Number of asset objects unloaded after import = 1

========================================================================
Received Import Request.
  Time since last request: 0.000030 seconds.
  path: Assets/JTS_Shrine_Torii_Gates/Textures/tex_torii_wood_kuroki_01.psd
  artifactKey: Guid(35603003be747474784998deb8935a19) Importer(2089858483,b0f066a214c2f5e87bad3c948f4d605d)
Start importing Assets/JTS_Shrine_Torii_Gates/Textures/tex_torii_wood_kuroki_01.psd using Guid(35603003be747474784998deb8935a19) Importer(2089858483,b0f066a214c2f5e87bad3c948f4d605d) (ScriptedImporter) -> (artifact id: '74f0cd3217f3cb02bb9cfafa250727dc') in 0.0207041 seconds
Number of updated asset objects reloaded before import = 0Number of asset objects unloaded after import = 1

========================================================================
Received Import Request.
  Time since last request: 0.000031 seconds.
  path: Assets/JTS_Shrine_Torii_Gates/Demo/Demo_Scene.unity
  artifactKey: Guid(f1a9beda62dcc244086fdee529188e7f) Importer(2089858483,b0f066a214c2f5e87bad3c948f4d605d)
Start importing Assets/JTS_Shrine_Torii_Gates/Demo/Demo_Scene.unity using Guid(f1a9beda62dcc244086fdee529188e7f) Importer(2089858483,b0f066a214c2f5e87bad3c948f4d605d) (ScriptedImporter) -> (artifact id: 'efc229358e28e9d59fae7b4ad061deea') in 0.0159861 seconds
Number of updated asset objects reloaded before import = 0Number of asset objects unloaded after import = 1

========================================================================
Received Import Request.
  Time since last request: 0.000023 seconds.
  path: Assets/JTS_Shrine_Torii_Gates/Textures/tex_torii_wood_misasagi_01_nrm.psd
  artifactKey: Guid(8ba4c48deb8d7484598f2a55bb455239) Importer(2089858483,b0f066a214c2f5e87bad3c948f4d605d)
Start importing Assets/JTS_Shrine_Torii_Gates/Textures/tex_torii_wood_misasagi_01_nrm.psd using Guid(8ba4c48deb8d7484598f2a55bb455239) Importer(2089858483,b0f066a214c2f5e87bad3c948f4d605d) (ScriptedImporter) -> (artifact id: 'c03bf4b38dcc22614381ee551a3eb87f') in 0.0193031 seconds
Number of updated asset objects reloaded before import = 0Number of asset objects unloaded after import = 1

========================================================================
Received Import Request.
  Time since last request: 0.000026 seconds.
  path: Assets/JTS_Shrine_Torii_Gates/Mesh/Torii_Myoujin_Med2.fbx
  artifactKey: Guid(ef377b69eabbc9749805dd06cb276836) Importer(2089858483,b0f066a214c2f5e87bad3c948f4d605d)
Start importing Assets/JTS_Shrine_Torii_Gates/Mesh/Torii_Myoujin_Med2.fbx using Guid(ef377b69eabbc9749805dd06cb276836) Importer(2089858483,b0f066a214c2f5e87bad3c948f4d605d) (ScriptedImporter) -> (artifact id: 'c0a6ec06bedf3f18de2b6d6b0de92826') in 0.0268356 seconds
Number of updated asset objects reloaded before import = 0Number of asset objects unloaded after import = 20

========================================================================
Received Import Request.
  Time since last request: 0.000032 seconds.
  path: Assets/_TerrainAutoUpgrade/layer_tex_gray_diff2023054508611406.terrainlayer
  artifactKey: Guid(7c9550822f461d54d950c06a977f7c81) Importer(2089858483,b0f066a214c2f5e87bad3c948f4d605d)
Start importing Assets/_TerrainAutoUpgrade/layer_tex_gray_diff2023054508611406.terrainlayer using Guid(7c9550822f461d54d950c06a977f7c81) Importer(2089858483,b0f066a214c2f5e87bad3c948f4d605d) (ScriptedImporter) -> (artifact id: '18bbd573da1d1245f738929e8cd0e31b') in 0.0191934 seconds
Number of updated asset objects reloaded before import = 0Number of asset objects unloaded after import = 2

========================================================================
Received Import Request.
  Time since last request: 0.000029 seconds.
  path: Assets/JTS_Shrine_Torii_Gates/Prefabs/Torii_Inari_Small1_LOD.prefab
  artifactKey: Guid(fe5c52bf1cd12114bac5fa7054961f7d) Importer(2089858483,b0f066a214c2f5e87bad3c948f4d605d)
Start importing Assets/JTS_Shrine_Torii_Gates/Prefabs/Torii_Inari_Small1_LOD.prefab using Guid(fe5c52bf1cd12114bac5fa7054961f7d) Importer(2089858483,b0f066a214c2f5e87bad3c948f4d605d) (ScriptedImporter) -> (artifact id: 'e74f02cc6dce40bdf7405514b9b58b3f') in 0.0188256 seconds
Number of updated asset objects reloaded before import = 0Number of asset objects unloaded after import = 22

========================================================================
Received Import Request.
  Time since last request: 0.000034 seconds.
  path: Assets/JTS_Shrine_Torii_Gates/Materials/mat_torii_wood_shinmei_01.mat
  artifactKey: Guid(8ea45c41ec2ba8c4bac95bcf634588eb) Importer(2089858483,b0f066a214c2f5e87bad3c948f4d605d)
Start importing Assets/JTS_Shrine_Torii_Gates/Materials/mat_torii_wood_shinmei_01.mat using Guid(8ea45c41ec2ba8c4bac95bcf634588eb) Importer(2089858483,b0f066a214c2f5e87bad3c948f4d605d) (ScriptedImporter) -> (artifact id: '3dd547e96860bd9000e48ae925b8df1e') in 0.023375 seconds
Number of updated asset objects reloaded before import = 0Number of asset objects unloaded after import = 3

========================================================================
Received Import Request.
  Time since last request: 0.000021 seconds.
  path: Assets/JTS_Shrine_Torii_Gates/Demo/Materials/mat_gray.mat
  artifactKey: Guid(33120a23c72bfc04dbb689bedd7b8c99) Importer(2089858483,b0f066a214c2f5e87bad3c948f4d605d)
Start importing Assets/JTS_Shrine_Torii_Gates/Demo/Materials/mat_gray.mat using Guid(33120a23c72bfc04dbb689bedd7b8c99) Importer(2089858483,b0f066a214c2f5e87bad3c948f4d605d) (ScriptedImporter) -> (artifact id: 'ee5d947829e89a3cccc33c476a1be4ac') in 0.0239117 seconds
Number of updated asset objects reloaded before import = 0Number of asset objects unloaded after import = 2

========================================================================
Received Import Request.
  Time since last request: 0.000029 seconds.
  path: Assets/JTS_Shrine_Torii_Gates/Prefabs/Torii_Myoujin_Med2_LOD.prefab
  artifactKey: Guid(691c0f58f6d33194f952467197884781) Importer(2089858483,b0f066a214c2f5e87bad3c948f4d605d)
Start importing Assets/JTS_Shrine_Torii_Gates/Prefabs/Torii_Myoujin_Med2_LOD.prefab using Guid(691c0f58f6d33194f952467197884781) Importer(2089858483,b0f066a214c2f5e87bad3c948f4d605d) (ScriptedImporter) -> (artifact id: 'dcfb32f998e2eace4785b63fe22e3f3d') in 0.0164521 seconds
Number of updated asset objects reloaded before import = 0Number of asset objects unloaded after import = 22

========================================================================
Received Import Request.
  Time since last request: 0.000027 seconds.
  path: Assets/JTS_Shrine_Torii_Gates/Prefabs/Torii_Accessory_Sign10_prefab.prefab
  artifactKey: Guid(df44f5f4a5f8a1547851d252b6ca7347) Importer(2089858483,b0f066a214c2f5e87bad3c948f4d605d)
Start importing Assets/JTS_Shrine_Torii_Gates/Prefabs/Torii_Accessory_Sign10_prefab.prefab using Guid(df44f5f4a5f8a1547851d252b6ca7347) Importer(2089858483,b0f066a214c2f5e87bad3c948f4d605d) (ScriptedImporter) -> (artifact id: '25167ab5e4d1475790ce20a825259dee') in 0.020928 seconds
Number of updated asset objects reloaded before import = 0Number of asset objects unloaded after import = 10

========================================================================
Received Import Request.
  Time since last request: 0.000034 seconds.
  path: Assets/JTS_Shrine_Torii_Gates/Prefabs/Torii_Accessory_Sign03_prefab.prefab
  artifactKey: Guid(1fda82bda46c6f6418dccd58ea8c68c6) Importer(2089858483,b0f066a214c2f5e87bad3c948f4d605d)
Start importing Assets/JTS_Shrine_Torii_Gates/Prefabs/Torii_Accessory_Sign03_prefab.prefab using Guid(1fda82bda46c6f6418dccd58ea8c68c6) Importer(2089858483,b0f066a214c2f5e87bad3c948f4d605d) (ScriptedImporter) -> (artifact id: 'e82cf1d97ca120b183b0368891d2dbbc') in 0.0204875 seconds
Number of updated asset objects reloaded before import = 0Number of asset objects unloaded after import = 10

========================================================================
Received Import Request.
  Time since last request: 0.000022 seconds.
  path: Assets/JTS_Shrine_Torii_Gates/Mesh/Torii_Accessory_Sign04.fbx
  artifactKey: Guid(3aeb362c2aa61d0418d89706161e232e) Importer(2089858483,b0f066a214c2f5e87bad3c948f4d605d)
Start importing Assets/JTS_Shrine_Torii_Gates/Mesh/Torii_Accessory_Sign04.fbx using Guid(3aeb362c2aa61d0418d89706161e232e) Importer(2089858483,b0f066a214c2f5e87bad3c948f4d605d) (ScriptedImporter) -> (artifact id: 'e5853a69d2d5a12d45de1d80e72058d6') in 0.0213507 seconds
Number of updated asset objects reloaded before import = 0Number of asset objects unloaded after import = 7

========================================================================
Received Import Request.
  Time since last request: 0.000021 seconds.
  path: Assets/JTS_Shrine_Torii_Gates/Mesh/Torii_Myoujin_Med1.fbx
  artifactKey: Guid(91bd1b2c59625ee48a95e6e3faa4f828) Importer(2089858483,b0f066a214c2f5e87bad3c948f4d605d)
Start importing Assets/JTS_Shrine_Torii_Gates/Mesh/Torii_Myoujin_Med1.fbx using Guid(91bd1b2c59625ee48a95e6e3faa4f828) Importer(2089858483,b0f066a214c2f5e87bad3c948f4d605d) (ScriptedImporter) -> (artifact id: 'ba1c294a2ce04c27eb314ee5596e95f2') in 0.0219852 seconds
Number of updated asset objects reloaded before import = 0Number of asset objects unloaded after import = 20

========================================================================
Received Import Request.
  Time since last request: 0.000022 seconds.
  path: Assets/JTS_Shrine_Torii_Gates/Materials/mat_torii_wood_red_04.mat
  artifactKey: Guid(784e56abf6edc41489648bf27d86b087) Importer(2089858483,b0f066a214c2f5e87bad3c948f4d605d)
Start importing Assets/JTS_Shrine_Torii_Gates/Materials/mat_torii_wood_red_04.mat using Guid(784e56abf6edc41489648bf27d86b087) Importer(2089858483,b0f066a214c2f5e87bad3c948f4d605d) (ScriptedImporter) -> (artifact id: '1666e06049dd30e8e53aca45813ae19a') in 0.0217426 seconds
Number of updated asset objects reloaded before import = 0Number of asset objects unloaded after import = 3

========================================================================
Received Import Request.
  Time since last request: 0.000031 seconds.
  path: Assets/JTS_Shrine_Torii_Gates/Materials/mat_torii_stone_02.mat
  artifactKey: Guid(630c1139ee35c784a871ff6a7cf1fcbf) Importer(2089858483,b0f066a214c2f5e87bad3c948f4d605d)
Start importing Assets/JTS_Shrine_Torii_Gates/Materials/mat_torii_stone_02.mat using Guid(630c1139ee35c784a871ff6a7cf1fcbf) Importer(2089858483,b0f066a214c2f5e87bad3c948f4d605d) (ScriptedImporter) -> (artifact id: 'c24e7db47cc81a9ba94ed6275d3ec86f') in 0.0218491 seconds
Number of updated asset objects reloaded before import = 0Number of asset objects unloaded after import = 3

========================================================================
Received Import Request.
  Time since last request: 0.000040 seconds.
  path: Assets/JTS_Shrine_Torii_Gates/Textures/tex_torii_wood_red_01.psd
  artifactKey: Guid(d674bc72223131844a33dbbe94e81fdc) Importer(2089858483,b0f066a214c2f5e87bad3c948f4d605d)
Start importing Assets/JTS_Shrine_Torii_Gates/Textures/tex_torii_wood_red_01.psd using Guid(d674bc72223131844a33dbbe94e81fdc) Importer(2089858483,b0f066a214c2f5e87bad3c948f4d605d) (ScriptedImporter) -> (artifact id: '642ec5f7e2339c5a2d30ec4f12833a23') in 0.0221247 seconds
Number of updated asset objects reloaded before import = 0Number of asset objects unloaded after import = 1

========================================================================
Received Import Request.
  Time since last request: 0.000034 seconds.
  path: Assets/JTS_Shrine_Torii_Gates/Mesh/Torii_Inari_Med2.fbx
  artifactKey: Guid(2cf272dfd24ba7d4b810132f68c6f7c9) Importer(2089858483,b0f066a214c2f5e87bad3c948f4d605d)
Start importing Assets/JTS_Shrine_Torii_Gates/Mesh/Torii_Inari_Med2.fbx using Guid(2cf272dfd24ba7d4b810132f68c6f7c9) Importer(2089858483,b0f066a214c2f5e87bad3c948f4d605d) (ScriptedImporter) -> (artifact id: 'e7589bd04c3e0ebd1a81f8e9282dc747') in 0.0220347 seconds
Number of updated asset objects reloaded before import = 0Number of asset objects unloaded after import = 20

========================================================================
Received Import Request.
  Time since last request: 0.000024 seconds.
  path: Assets/JTS_Shrine_Torii_Gates/Prefabs/Torii_Kuroki_Med1_LOD.prefab
  artifactKey: Guid(5270d2dfe53eec645a71689491b70ad7) Importer(2089858483,b0f066a214c2f5e87bad3c948f4d605d)
Start importing Assets/JTS_Shrine_Torii_Gates/Prefabs/Torii_Kuroki_Med1_LOD.prefab using Guid(5270d2dfe53eec645a71689491b70ad7) Importer(2089858483,b0f066a214c2f5e87bad3c948f4d605d) (ScriptedImporter) -> (artifact id: 'accd965b526f543454057171dc4c07c2') in 0.0167889 seconds
Number of updated asset objects reloaded before import = 0Number of asset objects unloaded after import = 17

========================================================================
Received Import Request.
  Time since last request: 0.000019 seconds.
  path: Assets/JTS_Shrine_Torii_Gates/Demo/Textures
  artifactKey: Guid(38cb63dd1dc81b84484d7d9e7cb8fe8c) Importer(2089858483,b0f066a214c2f5e87bad3c948f4d605d)
Start importing Assets/JTS_Shrine_Torii_Gates/Demo/Textures using Guid(38cb63dd1dc81b84484d7d9e7cb8fe8c) Importer(2089858483,b0f066a214c2f5e87bad3c948f4d605d) (ScriptedImporter) -> (artifact id: 'a298e1762c0448e17fd11675b199f505') in 0.0173351 seconds
Number of updated asset objects reloaded before import = 0Number of asset objects unloaded after import = 1

========================================================================
Received Import Request.
  Time since last request: 0.000026 seconds.
  path: Assets/_TerrainAutoUpgrade
  artifactKey: Guid(fdcd4116fa2a76147acd6c489f233a42) Importer(2089858483,b0f066a214c2f5e87bad3c948f4d605d)
Start importing Assets/_TerrainAutoUpgrade using Guid(fdcd4116fa2a76147acd6c489f233a42) Importer(2089858483,b0f066a214c2f5e87bad3c948f4d605d) (ScriptedImporter) -> (artifact id: '53c63e2b2badbf6846f12a43394fac57') in 0.0176165 seconds
Number of updated asset objects reloaded before import = 0Number of asset objects unloaded after import = 1

========================================================================
Received Import Request.
  Time since last request: 0.000041 seconds.
  path: Assets/JTS_Shrine_Torii_Gates/Prefabs/Torii_Inari_Med2_LOD.prefab
  artifactKey: Guid(dac79c6b7549b204a9bd09a89a1fe753) Importer(2089858483,b0f066a214c2f5e87bad3c948f4d605d)
Start importing Assets/JTS_Shrine_Torii_Gates/Prefabs/Torii_Inari_Med2_LOD.prefab using Guid(dac79c6b7549b204a9bd09a89a1fe753) Importer(2089858483,b0f066a214c2f5e87bad3c948f4d605d) (ScriptedImporter) -> (artifact id: '65c0d565814f750f23460b5b6714287f') in 0.019749 seconds
Number of updated asset objects reloaded before import = 0Number of asset objects unloaded after import = 22

========================================================================
Received Import Request.
  Time since last request: 0.000104 seconds.
  path: Assets/JTS_Shrine_Torii_Gates/Textures/tex_torii_stone_01_nrm.psd
  artifactKey: Guid(cfdc466d5c128ee439f1b53c67b3bcd7) Importer(2089858483,b0f066a214c2f5e87bad3c948f4d605d)
Start importing Assets/JTS_Shrine_Torii_Gates/Textures/tex_torii_stone_01_nrm.psd using Guid(cfdc466d5c128ee439f1b53c67b3bcd7) Importer(2089858483,b0f066a214c2f5e87bad3c948f4d605d) (ScriptedImporter) -> (artifact id: 'a1cdad1abfa9e44437b045cfce7dfaea') in 0.0259342 seconds
Number of updated asset objects reloaded before import = 0Number of asset objects unloaded after import = 1

========================================================================
Received Import Request.
  Time since last request: 0.000038 seconds.
  path: Assets/JTS_Shrine_Torii_Gates/Mesh/Torii_Votive_Wood1.fbx
  artifactKey: Guid(d434f2d438bc38e49b165853cdd9fb35) Importer(2089858483,b0f066a214c2f5e87bad3c948f4d605d)
Start importing Assets/JTS_Shrine_Torii_Gates/Mesh/Torii_Votive_Wood1.fbx using Guid(d434f2d438bc38e49b165853cdd9fb35) Importer(2089858483,b0f066a214c2f5e87bad3c948f4d605d) (ScriptedImporter) -> (artifact id: '50bbeed002e8476900c13b1f13de16d7') in 0.0201627 seconds
Number of updated asset objects reloaded before import = 0Number of asset objects unloaded after import = 7

========================================================================
Received Import Request.
  Time since last request: 0.000062 seconds.
  path: Assets/JTS_Shrine_Torii_Gates/Mesh/Torii_Accessory_Sign03.fbx
  artifactKey: Guid(de40f9ca44ee2164dac2d3ee94a211e2) Importer(2089858483,b0f066a214c2f5e87bad3c948f4d605d)
Start importing Assets/JTS_Shrine_Torii_Gates/Mesh/Torii_Accessory_Sign03.fbx using Guid(de40f9ca44ee2164dac2d3ee94a211e2) Importer(2089858483,b0f066a214c2f5e87bad3c948f4d605d) (ScriptedImporter) -> (artifact id: 'dda058efcd50d24f7cd02ab4ff4fdef6') in 0.0246457 seconds
Number of updated asset objects reloaded before import = 0Number of asset objects unloaded after import = 7

========================================================================
Received Import Request.
  Time since last request: 0.000030 seconds.
  path: Assets/JTS_Shrine_Torii_Gates/Mesh/Torii_Accessory_Sign05.fbx
  artifactKey: Guid(e6e697b4e4c92d04faa962ff0eba0b4c) Importer(2089858483,b0f066a214c2f5e87bad3c948f4d605d)
Start importing Assets/JTS_Shrine_Torii_Gates/Mesh/Torii_Accessory_Sign05.fbx using Guid(e6e697b4e4c92d04faa962ff0eba0b4c) Importer(2089858483,b0f066a214c2f5e87bad3c948f4d605d) (ScriptedImporter) -> (artifact id: '5f06a8d7f9b2f322c6a1d1cfc941d47d') in 0.0247882 seconds
Number of updated asset objects reloaded before import = 0Number of asset objects unloaded after import = 7

========================================================================
Received Import Request.
  Time since last request: 0.000022 seconds.
  path: Assets/JTS_Shrine_Torii_Gates/Mesh/Torii_Accessory_Shimenawa3.fbx
  artifactKey: Guid(d88eaf5fca39e5444bc3ef82ddd984ba) Importer(2089858483,b0f066a214c2f5e87bad3c948f4d605d)
Start importing Assets/JTS_Shrine_Torii_Gates/Mesh/Torii_Accessory_Shimenawa3.fbx using Guid(d88eaf5fca39e5444bc3ef82ddd984ba) Importer(2089858483,b0f066a214c2f5e87bad3c948f4d605d) (ScriptedImporter) -> (artifact id: '7acb848f372eab3ca0b3147f6d3a38cc') in 0.0208837 seconds
Number of updated asset objects reloaded before import = 0Number of asset objects unloaded after import = 7

========================================================================
Received Import Request.
  Time since last request: 0.000018 seconds.
  path: Assets/JTS_Shrine_Torii_Gates/Prefabs/Torii_Shinmei_Med1_LOD.prefab
  artifactKey: Guid(f9e7f67696a34814bb127708ddde56a3) Importer(2089858483,b0f066a214c2f5e87bad3c948f4d605d)
Start importing Assets/JTS_Shrine_Torii_Gates/Prefabs/Torii_Shinmei_Med1_LOD.prefab using Guid(f9e7f67696a34814bb127708ddde56a3) Importer(2089858483,b0f066a214c2f5e87bad3c948f4d605d) (ScriptedImporter) -> (artifact id: 'a2332dc260d4aeddd265971136a2c435') in 0.0173696 seconds
Number of updated asset objects reloaded before import = 0Number of asset objects unloaded after import = 17

========================================================================
Received Import Request.
  Time since last request: 0.000020 seconds.
  path: Assets/JTS_Shrine_Torii_Gates/Textures/tex_torii_accessory_01.psd
  artifactKey: Guid(260191bab9559d647862daa686a7e3ac) Importer(2089858483,b0f066a214c2f5e87bad3c948f4d605d)
Start importing Assets/JTS_Shrine_Torii_Gates/Textures/tex_torii_accessory_01.psd using Guid(260191bab9559d647862daa686a7e3ac) Importer(2089858483,b0f066a214c2f5e87bad3c948f4d605d) (ScriptedImporter) -> (artifact id: '60da79c51601235de1e53510d8c6b049') in 0.0219273 seconds
Number of updated asset objects reloaded before import = 0Number of asset objects unloaded after import = 1

========================================================================
Received Import Request.
  Time since last request: 0.000023 seconds.
  path: Assets/JTS_Shrine_Torii_Gates/Mesh/Torii_Accessory_Sign10.fbx
  artifactKey: Guid(f9ce0f07e22519547b3eee8b6fba0a3c) Importer(2089858483,b0f066a214c2f5e87bad3c948f4d605d)
Start importing Assets/JTS_Shrine_Torii_Gates/Mesh/Torii_Accessory_Sign10.fbx using Guid(f9ce0f07e22519547b3eee8b6fba0a3c) Importer(2089858483,b0f066a214c2f5e87bad3c948f4d605d) (ScriptedImporter) -> (artifact id: 'addc47c9f149e9114ddd8d4f21e085dd') in 0.0204132 seconds
Number of updated asset objects reloaded before import = 0Number of asset objects unloaded after import = 7

========================================================================
Received Import Request.
  Time since last request: 0.000028 seconds.
  path: Assets/JTS_Shrine_Torii_Gates/Prefabs/Torii_Sanno_Med1_LOD.prefab
  artifactKey: Guid(6526df0f031b0814d8209cf6b96a5c33) Importer(2089858483,b0f066a214c2f5e87bad3c948f4d605d)
Start importing Assets/JTS_Shrine_Torii_Gates/Prefabs/Torii_Sanno_Med1_LOD.prefab using Guid(6526df0f031b0814d8209cf6b96a5c33) Importer(2089858483,b0f066a214c2f5e87bad3c948f4d605d) (ScriptedImporter) -> (artifact id: '0f1a2bd49b300440a0b3326b028b78d2') in 0.0159471 seconds
Number of updated asset objects reloaded before import = 0Number of asset objects unloaded after import = 22

========================================================================
Received Import Request.
  Time since last request: 0.000022 seconds.
  path: Assets/JTS_Shrine_Torii_Gates/Mesh/Torii_Accessory_Sign02.fbx
  artifactKey: Guid(efdcdbaf7a64f9644aa3ba1f4341f512) Importer(2089858483,b0f066a214c2f5e87bad3c948f4d605d)
Start importing Assets/JTS_Shrine_Torii_Gates/Mesh/Torii_Accessory_Sign02.fbx using Guid(efdcdbaf7a64f9644aa3ba1f4341f512) Importer(2089858483,b0f066a214c2f5e87bad3c948f4d605d) (ScriptedImporter) -> (artifact id: 'd657a40f7a24b22ead14e21be5fbd03e') in 0.0214071 seconds
Number of updated asset objects reloaded before import = 0Number of asset objects unloaded after import = 7

========================================================================
Received Import Request.
  Time since last request: 0.000020 seconds.
  path: Assets/JTS_Shrine_Torii_Gates/Mesh/Torii_Inari_Large1.fbx
  artifactKey: Guid(fef0948fc666f2248b31051498b1ddb8) Importer(2089858483,b0f066a214c2f5e87bad3c948f4d605d)
Start importing Assets/JTS_Shrine_Torii_Gates/Mesh/Torii_Inari_Large1.fbx using Guid(fef0948fc666f2248b31051498b1ddb8) Importer(2089858483,b0f066a214c2f5e87bad3c948f4d605d) (ScriptedImporter) -> (artifact id: '846b5dcb50eabfff2728dc6cf7b79b95') in 0.0255514 seconds
Number of updated asset objects reloaded before import = 0Number of asset objects unloaded after import = 20

========================================================================
Received Import Request.
  Time since last request: 0.000031 seconds.
  path: Assets/JTS_Shrine_Torii_Gates/Mesh/Torii_Ise_Med1.fbx
  artifactKey: Guid(fb839393c57800543914724ab364c931) Importer(2089858483,b0f066a214c2f5e87bad3c948f4d605d)
Start importing Assets/JTS_Shrine_Torii_Gates/Mesh/Torii_Ise_Med1.fbx using Guid(fb839393c57800543914724ab364c931) Importer(2089858483,b0f066a214c2f5e87bad3c948f4d605d) (ScriptedImporter) -> (artifact id: '5e43a430538871476860e3384388fb4a') in 0.0212375 seconds
Number of updated asset objects reloaded before import = 0Number of asset objects unloaded after import = 15

========================================================================
Received Import Request.
  Time since last request: 0.000053 seconds.
  path: Assets/JTS_Shrine_Torii_Gates/Mesh/Torii_Votive_Stone1.fbx
  artifactKey: Guid(946ecc7ee4779d44fa0036ff8c38eca4) Importer(2089858483,b0f066a214c2f5e87bad3c948f4d605d)
Start importing Assets/JTS_Shrine_Torii_Gates/Mesh/Torii_Votive_Stone1.fbx using Guid(946ecc7ee4779d44fa0036ff8c38eca4) Importer(2089858483,b0f066a214c2f5e87bad3c948f4d605d) (ScriptedImporter) -> (artifact id: '15a22a8273f2037aed440e52f657ed6e') in 0.0216578 seconds
Number of updated asset objects reloaded before import = 0Number of asset objects unloaded after import = 7

========================================================================
Received Import Request.
  Time since last request: 0.000027 seconds.
  path: Assets/JTS_Shrine_Torii_Gates/Mesh/Torii_Mihashira_Med1.fbx
  artifactKey: Guid(fa92f4e0479f2fe49ab845f761f4e70e) Importer(2089858483,b0f066a214c2f5e87bad3c948f4d605d)
Start importing Assets/JTS_Shrine_Torii_Gates/Mesh/Torii_Mihashira_Med1.fbx using Guid(fa92f4e0479f2fe49ab845f761f4e70e) Importer(2089858483,b0f066a214c2f5e87bad3c948f4d605d) (ScriptedImporter) -> (artifact id: 'c1037977dc4ab8429b6560799d6afcf0') in 0.0226039 seconds
Number of updated asset objects reloaded before import = 0Number of asset objects unloaded after import = 20

========================================================================
Received Import Request.
  Time since last request: 0.000024 seconds.
  path: Assets/JTS_Shrine_Torii_Gates/Textures/tex_torii_stone_01.psd
  artifactKey: Guid(d49d5517c6bc67c4486467890e35eb7f) Importer(2089858483,b0f066a214c2f5e87bad3c948f4d605d)
Start importing Assets/JTS_Shrine_Torii_Gates/Textures/tex_torii_stone_01.psd using Guid(d49d5517c6bc67c4486467890e35eb7f) Importer(2089858483,b0f066a214c2f5e87bad3c948f4d605d) (ScriptedImporter) -> (artifact id: 'edfcf34e053bdf11d68adfde33355b15') in 0.0208319 seconds
Number of updated asset objects reloaded before import = 0Number of asset objects unloaded after import = 1

Editor requested this worker to shutdown with reason: Scaling down because of idle timeout
AssetImportWorker is now disconnected from the server
Process exiting
Exiting without the bug reporter. Application will terminate with return code 0