[Licensing::Module] Trying to connect to existing licensing client channel...
Built from '6000.3/staging' branch; Version is '6000.3.7f1 (696ec25a53d1) revision 6909634'; Using compiler version '194234433'; Build Type 'Release'
OS: 'Windows 11  (10.0.22621) Core' Language: 'en' Physical Memory: 15720 MB
[Licensing::IpcConnector] Successfully connected to: "LicenseClient-Huy" at "2026-02-26T22:28:10.1995722Z"
BatchMode: 1, IsHumanControllingUs: 0, StartBugReporterOnCrash: 0, Is64bit: 1
System  architecture: x64
Process architecture: x64
Date: 2026-02-26T22:28:10Z

COMMAND LINE ARGUMENTS:
C:\Program Files\Unity\Hub\Editor\6000.3.7f1\Editor\Unity.exe
-adb2
-batchMode
-noUpm
-name
AssetImportWorker0
-projectPath
C:/Users/Huy/VR_Project_1/VR_1
-logFile
Logs/AssetImportWorker0.log
-srvPort
62088
-licensingIpc
LicenseClient-Huy
-job-worker-count
7
-background-job-worker-count
8
-gc-helper-count
1
-name
AssetImport
Successfully changed project path to: C:/Users/Huy/VR_Project_1/VR_1
C:/Users/Huy/VR_Project_1/VR_1
[UnityMemory] Configuration Parameters - Can be set up in boot.config
    "memorysetup-temp-allocator-size-nav-mesh-worker=65536"
    "memorysetup-temp-allocator-size-audio-worker=65536"
    "memorysetup-temp-allocator-size-gfx=262144"
    "memorysetup-allocator-temp-initial-block-size-main=262144"
    "memorysetup-allocator-temp-initial-block-size-worker=262144"
    "memorysetup-temp-allocator-size-background-worker=32768"
    "memorysetup-temp-allocator-size-job-worker=262144"
    "memorysetup-temp-allocator-size-preload-manager=33554432"
    "memorysetup-temp-allocator-size-gi-baking-worker=262144"
    "memorysetup-temp-allocator-size-gi-baking-worker=262144"
    "memorysetup-temp-allocator-size-gi-baking-worker=262144"
    "memorysetup-temp-allocator-size-gi-baking-worker=262144"
    "memorysetup-temp-allocator-size-gi-baking-worker=262144"
    "memorysetup-bucket-allocator-granularity=16"
    "memorysetup-bucket-allocator-bucket-count=8"
    "memorysetup-bucket-allocator-block-size=33554432"
    "memorysetup-bucket-allocator-block-count=8"
    "memorysetup-main-allocator-block-size=16777216"
    "memorysetup-thread-allocator-block-size=16777216"
    "memorysetup-gfx-main-allocator-block-size=16777216"
    "memorysetup-gfx-thread-allocator-block-size=16777216"
    "memorysetup-cache-allocator-block-size=4194304"
    "memorysetup-typetree-allocator-block-size=2097152"
    "memorysetup-profiler-bucket-allocator-granularity=16"
    "memorysetup-profiler-bucket-allocator-bucket-count=8"
    "memorysetup-profiler-bucket-allocator-block-size=33554432"
    "memorysetup-profiler-bucket-allocator-block-count=8"
    "memorysetup-profiler-allocator-block-size=16777216"
    "memorysetup-profiler-editor-allocator-block-size=1048576"
    "memorysetup-temp-allocator-size-main=16777216"
    "memorysetup-job-temp-allocator-block-size=2097152"
    "memorysetup-job-temp-allocator-block-size-background=1048576"
    "memorysetup-job-temp-allocator-reduction-small-platforms=262144"
    "memorysetup-temp-allocator-size-cloud-worker=32768"
Player connection [12144]  Target information:

Player connection [12144]  * "[IP] 192.168.1.160 [Port] 0 [Flags] 2 [Guid] 3129569149 [EditorId] 3129569149 [Version] 1048832 [Id] WindowsEditor(7,DESKTOP-TFC479D) [Debug] 1 [PackageName] WindowsEditor [ProjectName] Editor" 

Player connection [12144] Host joined multi-casting on [225.0.0.222:54997]...
Player connection [12144] Host joined alternative multi-casting on [225.0.0.222:34997]...
JobSystem: Creating JobQueue using job-worker-count value 7
Input System module state changed to: Initialized.
[Physics::Module] Initialized fallback backend.
[Physics::Module] Id: 0xdecafbad
Library Redirect Path: Library/
[Physics::Module] Selected backend.
[Physics::Module] Name: PhysX
[Physics::Module] Id: 0xf2b8ea05
[Physics::Module] SDK Version: 4.1.2
[Physics::Module] Integration Version: 1.0.0
[Physics::Module] Threading Mode: Multi-Threaded
Refreshing native plugins compatible for Editor in 53.46 ms, found 6 plugins.
Preloading 2 native plugins for Editor in 5.69 ms.
Initialize engine version: 6000.3.7f1 (696ec25a53d1)
[Subsystems] Discovering subsystems at path C:/Program Files/Unity/Hub/Editor/6000.3.7f1/Editor/Data/Resources/UnitySubsystems
[Subsystems] Discovering subsystems at path C:/Users/Huy/VR_Project_1/VR_1/Assets
GfxDevice: creating device client; kGfxThreadingModeNonThreaded
Direct3D:
    Version:  Direct3D 11.0 [level 11.1]
    Renderer: NVIDIA GeForce RTX 3050 Ti Laptop GPU (ID=0x25a0)
    Vendor:   NVIDIA
    VRAM:     3962 MB
    Driver:   32.0.15.8132
Initialize mono
Mono path[0] = 'C:/Program Files/Unity/Hub/Editor/6000.3.7f1/Editor/Data/Managed'
Mono path[1] = 'C:/Program Files/Unity/Hub/Editor/6000.3.7f1/Editor/Data/MonoBleedingEdge/lib/mono/unityjit-win32'
Mono config path = 'C:/Program Files/Unity/Hub/Editor/6000.3.7f1/Editor/Data/MonoBleedingEdge/etc'
Using monoOptions --debugger-agent=transport=dt_socket,embedding=1,server=y,suspend=n,address=127.0.0.1:56860
Begin MonoManager ReloadAssembly
[Licensing::Client] Handshaking with LicensingClient:
  Version:                 1.17.4+4293ba1
  Session Id:              7e5f26dffaeb426eaa39089533e7fe7e
  Correlation Id:          461a07af8c964f5848b39d6a12e99a94
  External correlation Id: 1989634707748868224
  Machine Id:              q6xk2LuWl63HV6xgbHtH6jDqas8=
[Licensing::Module] Successfully connected to LicensingClient on channel: "LicenseClient-Huy" (connect: 0.00s, validation: 0.00s, handshake: 1.88s)
[Licensing::IpcConnector] Successfully connected to: "LicenseClient-Huy-notifications" at "2026-02-26T22:28:12.0882231Z"
[Licensing::Module] Licensing Background thread has ended after 1.89s
Registering precompiled unity dll's ...
Register platform support module: C:/Program Files/Unity/Hub/Editor/6000.3.7f1/Editor/Data/PlaybackEngines/WebGLSupport/UnityEditor.WebGL.Extensions.dll
Register platform support module: C:/Program Files/Unity/Hub/Editor/6000.3.7f1/Editor/Data/PlaybackEngines/WindowsStandaloneSupport/UnityEditor.WindowsStandalone.Extensions.dll
Registered in 0.003994 seconds.
- Loaded All Assemblies, in  0.928 seconds
Native extension for WindowsStandalone target not found
Native extension for WebGL target not found
ScheduleIndexationOnStartup MainProcess:False IndexOnStartup:True
Mono: successfully reloaded assembly
- Finished resetting the current domain, in  1.036 seconds
Domain Reload Profiling: 1960ms
	BeginReloadAssembly (307ms)
		ExecutionOrderSort (0ms)
		DisableScriptedObjects (0ms)
		BackupInstance (0ms)
		ReleaseScriptingObjects (0ms)
		CreateAndSetChildDomain (1ms)
	RebuildCommonClasses (95ms)
	RebuildNativeTypeToScriptingClass (29ms)
	initialDomainReloadingComplete (105ms)
	LoadAllAssembliesAndSetupDomain (387ms)
		LoadAssemblies (302ms)
		RebuildTransferFunctionScriptingTraits (0ms)
		AnalyzeDomain (379ms)
			TypeCache.Refresh (376ms)
				TypeCache.ScanAssembly (350ms)
			BuildScriptInfoCaches (0ms)
			ResolveRequiredComponents (1ms)
	FinalizeReload (1037ms)
		ReleaseScriptCaches (0ms)
		RebuildScriptCaches (0ms)
		SetupLoadedEditorAssemblies (922ms)
			LogAssemblyErrors (0ms)
			InitializePlatformSupportModulesInManaged (142ms)
			SetLoadedEditorAssemblies (9ms)
			BeforeProcessingInitializeOnLoad (206ms)
			ProcessInitializeOnLoadAttributes (394ms)
			ProcessInitializeOnLoadMethodAttributes (172ms)
			AfterProcessingInitializeOnLoad (0ms)
			EditorAssembliesLoaded (0ms)
		ExecutionOrderSort2 (0ms)
		AwakeInstancesAfterBackupRestoration (0ms)
========================================================================
Worker process is ready to serve import requests
Import Worker Mode flag is 0x00
Begin MonoManager ReloadAssembly
[Licensing::Client] Successfully resolved entitlement details
[Licensing::Module] License group:
  Id: 2475930774804-UnityPersXXXX
  Product: Unity Personal
  Type: Assigned
  Expiration: Unlimited
Symbol file LoadedFromMemory is not a mono symbol file
- Loaded All Assemblies, in  2.133 seconds
Refreshing native plugins compatible for Editor in 14.07 ms, found 6 plugins.
Native extension for WindowsStandalone target not found
Native extension for WebGL target not found
Refreshing native plugins compatible for Editor in 17.83 ms, found 6 plugins.
Package Manager log level set to [2]
[Package Manager] Failed to launch server process. Reason: Unity was launched with the -noUpm command-line argument
[Package Manager] Unable to send message (not connected to server process).
[Package Manager] Cannot connect to Unity Package Manager local server
ScheduleIndexationOnStartup MainProcess:False IndexOnStartup:True
Mono: successfully reloaded assembly
- Finished resetting the current domain, in  2.550 seconds
Domain Reload Profiling: 4671ms
	BeginReloadAssembly (420ms)
		ExecutionOrderSort (0ms)
		DisableScriptedObjects (18ms)
		BackupInstance (0ms)
		ReleaseScriptingObjects (0ms)
		CreateAndSetChildDomain (63ms)
	RebuildCommonClasses (80ms)
	RebuildNativeTypeToScriptingClass (28ms)
	initialDomainReloadingComplete (101ms)
	LoadAllAssembliesAndSetupDomain (1492ms)
		LoadAssemblies (986ms)
		RebuildTransferFunctionScriptingTraits (0ms)
		AnalyzeDomain (738ms)
			TypeCache.Refresh (480ms)
				TypeCache.ScanAssembly (444ms)
			BuildScriptInfoCaches (221ms)
			ResolveRequiredComponents (31ms)
	FinalizeReload (2551ms)
		ReleaseScriptCaches (0ms)
		RebuildScriptCaches (0ms)
		SetupLoadedEditorAssemblies (2024ms)
			LogAssemblyErrors (0ms)
			InitializePlatformSupportModulesInManaged (6ms)
			SetLoadedEditorAssemblies (16ms)
			BeforeProcessingInitializeOnLoad (379ms)
			ProcessInitializeOnLoadAttributes (1066ms)
			ProcessInitializeOnLoadMethodAttributes (542ms)
			AfterProcessingInitializeOnLoad (15ms)
			EditorAssembliesLoaded (1ms)
		ExecutionOrderSort2 (0ms)
		AwakeInstancesAfterBackupRestoration (12ms)
Launched and connected shader compiler UnityShaderCompiler.exe after 0.06 seconds
Refreshing native plugins compatible for Editor in 13.24 ms, found 6 plugins.
Preloading 2 native plugins for Editor in 0.15 ms.
Unloading 16 Unused Serialized files (Serialized files now loaded: 0)
Unloading 7410 unused Assets / (4.4 MB). Loaded Objects now: 8322.
Memory consumption went from 168.4 MB to 164.0 MB.
Total: 32.306100 ms (FindLiveObjects: 1.470000 ms CreateObjectMapping: 1.550400 ms MarkObjects: 24.721200 ms  DeleteObjects: 4.562200 ms)

========================================================================
Received Import Request.
  Time since last request: 722995.785696 seconds.
  path: Assets/Scenes/SampleScene.unity
  artifactKey: Guid(99c9720ab356a0642a771bea13969a05) Importer(2089858483,b0f066a214c2f5e87bad3c948f4d605d)
Start importing Assets/Scenes/SampleScene.unity using Guid(99c9720ab356a0642a771bea13969a05) Importer(2089858483,b0f066a214c2f5e87bad3c948f4d605d) (ScriptedImporter) -> (artifact id: 'e87ff0b2f17b862e451a339838b0d4bc') in 0.1452063 seconds
Number of updated asset objects reloaded before import = 0Number of asset objects unloaded after import = 1

========================================================================
Received Import Request.
  Time since last request: 28.016208 seconds.
  path: Assets/JapaneseFood_Sushi Free/Assets/Mesh
  artifactKey: Guid(000a71e63acaf7f418554e45f7e86b9b) Importer(2089858483,b0f066a214c2f5e87bad3c948f4d605d)
Start importing Assets/JapaneseFood_Sushi Free/Assets/Mesh using Guid(000a71e63acaf7f418554e45f7e86b9b) Importer(2089858483,b0f066a214c2f5e87bad3c948f4d605d) (ScriptedImporter) -> (artifact id: '79bc0f0a50277a6674a9fdc661d074a1') in 0.0134156 seconds
Number of updated asset objects reloaded before import = 0Number of asset objects unloaded after import = 1

========================================================================
Received Import Request.
  Time since last request: 0.000036 seconds.
  path: Assets/JapaneseFood_Sushi Free/Assets/Materials/Material_01_Free.mat
  artifactKey: Guid(9fbce39ef05badc4d9b4d394f2031730) Importer(2089858483,b0f066a214c2f5e87bad3c948f4d605d)
Start importing Assets/JapaneseFood_Sushi Free/Assets/Materials/Material_01_Free.mat using Guid(9fbce39ef05badc4d9b4d394f2031730) Importer(2089858483,b0f066a214c2f5e87bad3c948f4d605d) (ScriptedImporter) -> (artifact id: 'ce8bdc9335d6d2a41673d8938da7f07c') in 0.1162758 seconds
Number of updated asset objects reloaded before import = 0Number of asset objects unloaded after import = 2

========================================================================
Received Import Request.
  Time since last request: 0.000032 seconds.
  path: Assets/JapaneseFood_Sushi Free/Assets/Mesh/Leaf_02_Free.fbx
  artifactKey: Guid(75482167b050a0e41a51d299133e3b61) Importer(2089858483,b0f066a214c2f5e87bad3c948f4d605d)
Start importing Assets/JapaneseFood_Sushi Free/Assets/Mesh/Leaf_02_Free.fbx using Guid(75482167b050a0e41a51d299133e3b61) Importer(2089858483,b0f066a214c2f5e87bad3c948f4d605d) (ScriptedImporter) -> (artifact id: '49f16c96fa323b53bee2163faa58d443') in 0.1316041 seconds
Number of updated asset objects reloaded before import = 0Number of asset objects unloaded after import = 7

========================================================================
Received Import Request.
  Time since last request: 0.000047 seconds.
  path: Assets/JapaneseFood_Sushi Free/Demo/Demo_SceneSettings.lighting
  artifactKey: Guid(61187b5cd6d10f24380a05cc68e84125) Importer(2089858483,b0f066a214c2f5e87bad3c948f4d605d)
Start importing Assets/JapaneseFood_Sushi Free/Demo/Demo_SceneSettings.lighting using Guid(61187b5cd6d10f24380a05cc68e84125) Importer(2089858483,b0f066a214c2f5e87bad3c948f4d605d) (ScriptedImporter)LightingSettings: switching bake backend from 2 to 1.
 -> (artifact id: '716917155fa24251107f4f1f4b7d2b50') in 0.0273154 seconds
Number of updated asset objects reloaded before import = 0Number of asset objects unloaded after import = 1

========================================================================
Received Import Request.
  Time since last request: 0.000022 seconds.
  path: Assets/JapaneseFood_Sushi Free/Assets/Textures/T_JapaneseFood_Pack01_TextureAtlas_Free.tga
  artifactKey: Guid(c50fb06d45d01314bbf3714e5209ef4e) Importer(2089858483,b0f066a214c2f5e87bad3c948f4d605d)
Start importing Assets/JapaneseFood_Sushi Free/Assets/Textures/T_JapaneseFood_Pack01_TextureAtlas_Free.tga using Guid(c50fb06d45d01314bbf3714e5209ef4e) Importer(2089858483,b0f066a214c2f5e87bad3c948f4d605d) (ScriptedImporter) -> (artifact id: '92de01db28216b19824c9c7059d1ee9a') in 0.0720764 seconds
Number of updated asset objects reloaded before import = 0Number of asset objects unloaded after import = 1

========================================================================
Received Import Request.
  Time since last request: 0.000035 seconds.
  path: Assets/JapaneseFood_Sushi Free/Demo
  artifactKey: Guid(0aff411195199a548851bf70b9e2206e) Importer(2089858483,b0f066a214c2f5e87bad3c948f4d605d)
Start importing Assets/JapaneseFood_Sushi Free/Demo using Guid(0aff411195199a548851bf70b9e2206e) Importer(2089858483,b0f066a214c2f5e87bad3c948f4d605d) (ScriptedImporter) -> (artifact id: '892cd64216ab462748552cc0abbd9564') in 0.0160604 seconds
Number of updated asset objects reloaded before import = 0Number of asset objects unloaded after import = 1

========================================================================
Received Import Request.
  Time since last request: 0.000062 seconds.
  path: Assets/JapaneseFood_Sushi Free/Demo/Demo_ContentSettings.lighting
  artifactKey: Guid(ff660438464de0f44a9be23935612d04) Importer(2089858483,b0f066a214c2f5e87bad3c948f4d605d)
Start importing Assets/JapaneseFood_Sushi Free/Demo/Demo_ContentSettings.lighting using Guid(ff660438464de0f44a9be23935612d04) Importer(2089858483,b0f066a214c2f5e87bad3c948f4d605d) (ScriptedImporter)LightingSettings: switching bake backend from 2 to 1.
 -> (artifact id: '553feddbeb76dff8258960dae1fb79f4') in 0.0318036 seconds
Number of updated asset objects reloaded before import = 0Number of asset objects unloaded after import = 1

========================================================================
Received Import Request.
  Time since last request: 0.000072 seconds.
  path: Assets/JapaneseFood_Sushi Free/Assets/Prefabs/Maki_01_Free.prefab
  artifactKey: Guid(488b02503db702f43a481b027e22b534) Importer(2089858483,b0f066a214c2f5e87bad3c948f4d605d)
Start importing Assets/JapaneseFood_Sushi Free/Assets/Prefabs/Maki_01_Free.prefab using Guid(488b02503db702f43a481b027e22b534) Importer(2089858483,b0f066a214c2f5e87bad3c948f4d605d) (ScriptedImporter) -> (artifact id: '74711c85e4bc1d6ae9b6721400f59444') in 0.0225747 seconds
Number of updated asset objects reloaded before import = 0Number of asset objects unloaded after import = 9

========================================================================
Received Import Request.
  Time since last request: 0.000056 seconds.
  path: Assets/JapaneseFood_Sushi Free
  artifactKey: Guid(2be03b1dd5c70284c94739704f41cea4) Importer(2089858483,b0f066a214c2f5e87bad3c948f4d605d)
Start importing Assets/JapaneseFood_Sushi Free using Guid(2be03b1dd5c70284c94739704f41cea4) Importer(2089858483,b0f066a214c2f5e87bad3c948f4d605d) (ScriptedImporter) -> (artifact id: 'fb55111c895f79db3fa364245c423886') in 0.0170116 seconds
Number of updated asset objects reloaded before import = 0Number of asset objects unloaded after import = 1

========================================================================
Received Import Request.
  Time since last request: 0.000050 seconds.
  path: Assets/JapaneseFood_Sushi Free/Assets/Prefabs/Chopstick_Free.prefab
  artifactKey: Guid(fddd56b7e5e990540bfa949b5cebeb03) Importer(2089858483,b0f066a214c2f5e87bad3c948f4d605d)
Start importing Assets/JapaneseFood_Sushi Free/Assets/Prefabs/Chopstick_Free.prefab using Guid(fddd56b7e5e990540bfa949b5cebeb03) Importer(2089858483,b0f066a214c2f5e87bad3c948f4d605d) (ScriptedImporter) -> (artifact id: 'af85107d528aeb2d48f57eb073841af1') in 0.0210038 seconds
Number of updated asset objects reloaded before import = 0Number of asset objects unloaded after import = 9

========================================================================
Received Import Request.
  Time since last request: 0.000031 seconds.
  path: Assets/JapaneseFood_Sushi Free/Assets/Mesh/Chopstick_Free.fbx
  artifactKey: Guid(ad358a1147d958849bcfd36da25f7202) Importer(2089858483,b0f066a214c2f5e87bad3c948f4d605d)
Start importing Assets/JapaneseFood_Sushi Free/Assets/Mesh/Chopstick_Free.fbx using Guid(ad358a1147d958849bcfd36da25f7202) Importer(2089858483,b0f066a214c2f5e87bad3c948f4d605d) (ScriptedImporter) -> (artifact id: '7dfd0357fe60428ce262824fba6dfc60') in 0.0194308 seconds
Number of updated asset objects reloaded before import = 0Number of asset objects unloaded after import = 7

========================================================================
Received Import Request.
  Time since last request: 0.000031 seconds.
  path: Assets/JapaneseFood_Sushi Free/Demo/Demo_Scene.unity
  artifactKey: Guid(05b05fe059f946a49a4dd3bf6dcf45c3) Importer(2089858483,b0f066a214c2f5e87bad3c948f4d605d)
Start importing Assets/JapaneseFood_Sushi Free/Demo/Demo_Scene.unity using Guid(05b05fe059f946a49a4dd3bf6dcf45c3) Importer(2089858483,b0f066a214c2f5e87bad3c948f4d605d) (ScriptedImporter) -> (artifact id: 'e2c2385446dfd7f54ac3f2beaa5ec8b9') in 0.0210208 seconds
Number of updated asset objects reloaded before import = 0Number of asset objects unloaded after import = 1

========================================================================
Received Import Request.
  Time since last request: 0.000034 seconds.
  path: Assets/JapaneseFood_Sushi Free/Assets/Mesh/Maki_01_Free.fbx
  artifactKey: Guid(79a239801d2818a4f85b70e4d066ad0d) Importer(2089858483,b0f066a214c2f5e87bad3c948f4d605d)
Start importing Assets/JapaneseFood_Sushi Free/Assets/Mesh/Maki_01_Free.fbx using Guid(79a239801d2818a4f85b70e4d066ad0d) Importer(2089858483,b0f066a214c2f5e87bad3c948f4d605d) (ScriptedImporter) -> (artifact id: '1bcb44c16acaffc79194fdf5b3a734a0') in 0.0257815 seconds
Number of updated asset objects reloaded before import = 0Number of asset objects unloaded after import = 7

========================================================================
Received Import Request.
  Time since last request: 0.000031 seconds.
  path: Assets/JapaneseFood_Sushi Free/Assets/Prefabs/Nigiri_Sake_Free.prefab
  artifactKey: Guid(9962e92589c14aa45be915db7e4088a0) Importer(2089858483,b0f066a214c2f5e87bad3c948f4d605d)
Start importing Assets/JapaneseFood_Sushi Free/Assets/Prefabs/Nigiri_Sake_Free.prefab using Guid(9962e92589c14aa45be915db7e4088a0) Importer(2089858483,b0f066a214c2f5e87bad3c948f4d605d) (ScriptedImporter) -> (artifact id: 'f15a52b139eb2c2f842f53830c4d1d16') in 0.0211059 seconds
Number of updated asset objects reloaded before import = 0Number of asset objects unloaded after import = 9

Editor requested this worker to shutdown with reason: Scaling down because of idle timeout
AssetImportWorker is now disconnected from the server
Process exiting
Exiting without the bug reporter. Application will terminate with return code 0